info: Microsoft.AspNetCore.DataProtection.KeyManagement.XmlKeyManager[63]
      User profile is available. Using 'C:\Users\cagri\AppData\Local\ASP.NET\DataProtection-Keys' as key repository and Windows DPAPI to encrypt keys at rest.
info: Microsoft.Hosting.Lifetime[0]
      Application started. Press Ctrl+C to shut down.
info: CoinBot.Infrastructure.MarketData.BinanceWebSocketManager[0]
      Binance market data plane is disabled by configuration.
info: Microsoft.Hosting.Lifetime[0]
      Hosting environment: Production
info: Microsoft.Hosting.Lifetime[0]
      Content root path: D:\CkBot\Code\CoinBot\src\CoinBot.Worker
info: CoinBot.Infrastructure.MarketData.HistoricalGapFillerWorker[0]
      Historical gap filler worker is disabled by configuration.
info: CoinBot.Infrastructure.Exchange.BinancePrivateStreamManager[0]
      Binance private stream manager starting. Enabled=False.
info: CoinBot.Infrastructure.Exchange.BinancePrivateStreamManager[0]
      Binance private stream manager is disabled by configuration.
info: CoinBot.Worker.Worker[0]
      Job scheduler worker is disabled by configuration.
info: CoinBot.Worker.JobCleanupWorker[0]
      Job cleanup worker is disabled by configuration.
info: CoinBot.Infrastructure.Exchange.ExchangeAppStateSyncWorker[0]
      Exchange app-state sync worker starting. Enabled=False.
info: CoinBot.Infrastructure.Exchange.ExchangeAppStateSyncWorker[0]
      Exchange-app state sync worker is disabled by configuration.
info: CoinBot.Infrastructure.Execution.ExecutionReconciliationWorker[0]
      Execution reconciliation worker is disabled by configuration.
info: CoinBot.Worker.JobWatchdogWorker[0]
      Job watchdog worker is disabled by configuration.
info: CoinBot.Infrastructure.Exchange.ExchangeBalanceSyncWorker[0]
      Exchange balance sync worker starting. Enabled=False.
info: CoinBot.Infrastructure.Exchange.ExchangeBalanceSyncWorker[0]
      Exchange balance sync worker is disabled by configuration.
info: CoinBot.Infrastructure.Exchange.ExchangePositionSyncWorker[0]
      Exchange position sync worker starting. Enabled=False.
info: CoinBot.Infrastructure.Exchange.ExchangePositionSyncWorker[0]
      Exchange position sync worker is disabled by configuration.
info: CoinBot.Worker.JobKeepAliveWorker[0]
      Job keepalive worker is disabled by configuration.
warn: CoinBot.Infrastructure.Execution.VirtualExecutionWatchdogWorker[0]
      Virtual execution watchdog worker cycle failed.
      System.InvalidOperationException: The LINQ expression 'DbSet<ExecutionOrder>()
          .Where(e => !(e.IsDeleted) && (int)e.ExecutionEnvironment == 0 && (int)e.ExecutorKind == 1 && ((IReadOnlySet<ExecutionOrderState>)HashSet<ExecutionOrderState> { Submitted, PartiallyFilled }).Contains(e.State))' could not be translated. Additional information: Translation of method 'System.Collections.Generic.IReadOnlySet<CoinBot.Domain.Enums.ExecutionOrderState>.Contains' failed. If this method can be mapped to your custom function, see https://go.microsoft.com/fwlink/?linkid=2132413 for more information. Either rewrite the query in a form that can be translated, or switch to client evaluation explicitly by inserting a call to 'AsEnumerable', 'AsAsyncEnumerable', 'ToList', or 'ToListAsync'. See https://go.microsoft.com/fwlink/?linkid=2101038 for more information.
         at Microsoft.EntityFrameworkCore.Query.QueryableMethodTranslatingExpressionVisitor.Translate(Expression expression)
         at Microsoft.EntityFrameworkCore.Query.QueryCompilationContext.CreateQueryExecutorExpression[TResult](Expression query)
         at Microsoft.EntityFrameworkCore.Query.QueryCompilationContext.CreateQueryExecutor[TResult](Expression query)
         at Microsoft.EntityFrameworkCore.Storage.Database.CompileQuery[TResult](Expression query, Boolean async)
         at Microsoft.EntityFrameworkCore.Query.Internal.QueryCompiler.CompileQueryCore[TResult](IDatabase database, Expression query, IModel model, Boolean async)
         at Microsoft.EntityFrameworkCore.Query.Internal.QueryCompiler.<>c__DisplayClass11_0`1.<ExecuteCore>b__0()
         at Microsoft.EntityFrameworkCore.Query.Internal.CompiledQueryCache.GetOrAddQuery[TResult](Object cacheKey, Func`1 compiler)
         at Microsoft.EntityFrameworkCore.Query.Internal.QueryCompiler.ExecuteCore[TResult](Expression query, Boolean async, CancellationToken cancellationToken)
         at Microsoft.EntityFrameworkCore.Query.Internal.QueryCompiler.ExecuteAsync[TResult](Expression query, CancellationToken cancellationToken)
         at Microsoft.EntityFrameworkCore.Query.Internal.EntityQueryProvider.ExecuteAsync[TResult](Expression expression, CancellationToken cancellationToken)
         at Microsoft.EntityFrameworkCore.Query.Internal.EntityQueryable`1.GetAsyncEnumerator(CancellationToken cancellationToken)
         at System.Runtime.CompilerServices.ConfiguredCancelableAsyncEnumerable`1.GetAsyncEnumerator()
         at Microsoft.EntityFrameworkCore.EntityFrameworkQueryableExtensions.ToListAsync[TSource](IQueryable`1 source, CancellationToken cancellationToken)
         at CoinBot.Infrastructure.Execution.VirtualExecutionWatchdogService.RunOnceAsync(CancellationToken cancellationToken) in D:\CkBot\Code\CoinBot\src\CoinBot.Infrastructure\Execution\VirtualExecutionWatchdogService.cs:line 35
         at CoinBot.Infrastructure.Execution.VirtualExecutionWatchdogWorker.ExecuteAsync(CancellationToken stoppingToken) in D:\CkBot\Code\CoinBot\src\CoinBot.Infrastructure\Execution\VirtualExecutionWatchdogWorker.cs:line 27
info: Microsoft.EntityFrameworkCore.Database.Command[20101]
      Executed DbCommand (22ms) [Parameters=[], CommandType='Text', CommandTimeout='30']
      SELECT 1
info: Microsoft.EntityFrameworkCore.Database.Command[20101]
      Executed DbCommand (24ms) [Parameters=[], CommandType='Text', CommandTimeout='30']
      SELECT TOP(2) [d].[Id], [d].[CreatedDate], [d].[ExecutionFlowBlocked], [d].[IsDeleted], [d].[LastStateChangedAtUtc], [d].[LatestClockDriftMilliseconds], [d].[LatestDataTimestampAtUtc], [d].[LatestHeartbeatReceivedAtUtc], [d].[ReasonCode], [d].[SignalFlowBlocked], [d].[StateCode], [d].[UpdatedDate]
      FROM [DegradedModeStates] AS [d]
      WHERE [d].[Id] = '3e17e8ef-3a73-45cc-8c32-a11fa55178d7'
info: Microsoft.EntityFrameworkCore.Database.Command[20101]
      Executed DbCommand (22ms) [Parameters=[@nowUtc='?' (DbType = DateTime2)], CommandType='Text', CommandTimeout='30']
      SELECT [a].[Id], [a].[AffectedSymbolsCsv], [a].[AffectedUsersCsv], [a].[ApprovalId], [a].[ConfidenceScore], [a].[CorrelationId], [a].[CreatedDate], [a].[ExpiresAtUtc], [a].[IsDeleted], [a].[Reason], [a].[ScopeKey], [a].[Status], [a].[SuggestedAction], [a].[UpdatedDate]
      FROM [AutonomyReviewQueue] AS [a]
      WHERE [a].[IsDeleted] = CAST(0 AS bit) AND [a].[Status] = N'Pending' AND [a].[ExpiresAtUtc] <= @nowUtc
info: Microsoft.EntityFrameworkCore.Database.Command[20101]
      Executed DbCommand (21ms) [Parameters=[@p0='?' (DbType = Guid), @p1='?' (Size = 128), @p2='?' (Size = 450), @p3='?' (Size = 128), @p4='?' (DbType = DateTime2), @p5='?' (Size = 128), @p6='?' (Size = 2048), @p7='?' (Size = 2048), @p8='?' (Size = 512), @p9='?' (Size = 256), @p10='?' (Size = 128), @p11='?' (Size = 256)], CommandType='Text', CommandTimeout='30']
      SET IMPLICIT_TRANSACTIONS OFF;
      SET NOCOUNT ON;
      INSERT INTO [AdminAuditLogs] ([Id], [ActionType], [ActorUserId], [CorrelationId], [CreatedAtUtc], [IpAddress], [NewValueSummary], [OldValueSummary], [Reason], [TargetId], [TargetType], [UserAgent])
      VALUES (@p0, @p1, @p2, @p3, @p4, @p5, @p6, @p7, @p8, @p9, @p10, @p11);
info: Microsoft.EntityFrameworkCore.Database.Command[20101]
      Executed DbCommand (2ms) [Parameters=[], CommandType='Text', CommandTimeout='30']
      SELECT TOP(2) [d].[Id], [d].[CreatedDate], [d].[ExecutionFlowBlocked], [d].[IsDeleted], [d].[LastStateChangedAtUtc], [d].[LatestClockDriftMilliseconds], [d].[LatestDataTimestampAtUtc], [d].[LatestHeartbeatReceivedAtUtc], [d].[ReasonCode], [d].[SignalFlowBlocked], [d].[StateCode], [d].[UpdatedDate]
      FROM [DegradedModeStates] AS [d]
      WHERE [d].[Id] = '3e17e8ef-3a73-45cc-8c32-a11fa55178d7'
info: Microsoft.EntityFrameworkCore.Database.Command[20101]
      Executed DbCommand (3ms) [Parameters=[@breakerKind='?' (Size = 64)], CommandType='Text', CommandTimeout='30']
      SELECT TOP(2) [d].[Id], [d].[BreakerKind], [d].[ConsecutiveFailureCount], [d].[CooldownUntilUtc], [d].[CorrelationId], [d].[CreatedDate], [d].[HalfOpenStartedAtUtc], [d].[IsDeleted], [d].[LastErrorCode], [d].[LastErrorMessage], [d].[LastFailureAtUtc], [d].[LastProbeAtUtc], [d].[LastSuccessAtUtc], [d].[StateCode], [d].[UpdatedDate]
      FROM [DependencyCircuitBreakerStates] AS [d]
      WHERE [d].[IsDeleted] = CAST(0 AS bit) AND [d].[BreakerKind] = @breakerKind
info: Microsoft.EntityFrameworkCore.Database.Command[20101]
      Executed DbCommand (4ms) [Parameters=[@p='?' (DbType = Int32), @decisionCutoffUtc='?' (DbType = DateTime2)], CommandType='Text', CommandTimeout='30']
      SELECT TOP(@p) [d].[Id]
      FROM [DecisionTraces] AS [d]
      WHERE [d].[IsDeleted] = CAST(0 AS bit) AND [d].[CreatedAtUtc] < @decisionCutoffUtc
      ORDER BY [d].[CreatedAtUtc]
info: Microsoft.EntityFrameworkCore.Database.Command[20101]
      Executed DbCommand (1ms) [Parameters=[@breakerKind='?' (Size = 64)], CommandType='Text', CommandTimeout='30']
      SELECT TOP(2) [d].[Id], [d].[BreakerKind], [d].[ConsecutiveFailureCount], [d].[CooldownUntilUtc], [d].[CorrelationId], [d].[CreatedDate], [d].[HalfOpenStartedAtUtc], [d].[IsDeleted], [d].[LastErrorCode], [d].[LastErrorMessage], [d].[LastFailureAtUtc], [d].[LastProbeAtUtc], [d].[LastSuccessAtUtc], [d].[StateCode], [d].[UpdatedDate]
      FROM [DependencyCircuitBreakerStates] AS [d]
      WHERE [d].[IsDeleted] = CAST(0 AS bit) AND [d].[BreakerKind] = @breakerKind
info: Microsoft.EntityFrameworkCore.Database.Command[20101]
      Executed DbCommand (0ms) [Parameters=[@breakerKind='?' (Size = 64)], CommandType='Text', CommandTimeout='30']
      SELECT TOP(2) [d].[Id], [d].[BreakerKind], [d].[ConsecutiveFailureCount], [d].[CooldownUntilUtc], [d].[CorrelationId], [d].[CreatedDate], [d].[HalfOpenStartedAtUtc], [d].[IsDeleted], [d].[LastErrorCode], [d].[LastErrorMessage], [d].[LastFailureAtUtc], [d].[LastProbeAtUtc], [d].[LastSuccessAtUtc], [d].[StateCode], [d].[UpdatedDate]
      FROM [DependencyCircuitBreakerStates] AS [d]
      WHERE [d].[IsDeleted] = CAST(0 AS bit) AND [d].[BreakerKind] = @breakerKind
info: Microsoft.EntityFrameworkCore.Database.Command[20101]
      Executed DbCommand (3ms) [Parameters=[@p='?' (DbType = Int32), @executionCutoffUtc='?' (DbType = DateTime2)], CommandType='Text', CommandTimeout='30']
      SELECT TOP(@p) [e].[Id]
      FROM [ExecutionTraces] AS [e]
      WHERE [e].[IsDeleted] = CAST(0 AS bit) AND [e].[CreatedAtUtc] < @executionCutoffUtc
      ORDER BY [e].[CreatedAtUtc]
info: Microsoft.EntityFrameworkCore.Database.Command[20101]
      Executed DbCommand (0ms) [Parameters=[@breakerKind='?' (Size = 64)], CommandType='Text', CommandTimeout='30']
      SELECT TOP(2) [d].[Id], [d].[BreakerKind], [d].[ConsecutiveFailureCount], [d].[CooldownUntilUtc], [d].[CorrelationId], [d].[CreatedDate], [d].[HalfOpenStartedAtUtc], [d].[IsDeleted], [d].[LastErrorCode], [d].[LastErrorMessage], [d].[LastFailureAtUtc], [d].[LastProbeAtUtc], [d].[LastSuccessAtUtc], [d].[StateCode], [d].[UpdatedDate]
      FROM [DependencyCircuitBreakerStates] AS [d]
      WHERE [d].[IsDeleted] = CAST(0 AS bit) AND [d].[BreakerKind] = @breakerKind
info: Microsoft.EntityFrameworkCore.Database.Command[20101]
      Executed DbCommand (2ms) [Parameters=[@p='?' (DbType = Int32), @adminAuditCutoffUtc='?' (DbType = DateTime2)], CommandType='Text', CommandTimeout='30']
      SELECT TOP(@p) [a].[Id]
      FROM [AdminAuditLogs] AS [a]
      WHERE [a].[CreatedAtUtc] < @adminAuditCutoffUtc
      ORDER BY [a].[CreatedAtUtc]
info: System.Net.Http.HttpClient.IBinanceExchangeInfoClient.LogicalHandler[100]
      Start processing HTTP request GET https://fapi.binance.com/fapi/v1/time
info: System.Net.Http.HttpClient.IBinanceExchangeInfoClient.ClientHandler[100]
      Sending HTTP request GET https://fapi.binance.com/fapi/v1/time
info: Microsoft.EntityFrameworkCore.Database.Command[20101]
      Executed DbCommand (4ms) [Parameters=[@candleInterval='?' (Size = 16), @recentWindowStartUtc='?' (DbType = DateTime2)], CommandType='Text', CommandTimeout='30']
      SELECT DISTINCT [h].[Symbol]
      FROM [HistoricalMarketCandles] AS [h]
      WHERE [h].[IsDeleted] = CAST(0 AS bit) AND [h].[Interval] = @candleInterval AND [h].[CloseTimeUtc] >= @recentWindowStartUtc
info: Microsoft.EntityFrameworkCore.Database.Command[20101]
      Executed DbCommand (3ms) [Parameters=[@incidentCutoffUtc='?' (DbType = DateTime2)], CommandType='Text', CommandTimeout='30']
      SELECT [i].[Id]
      FROM [Incidents] AS [i]
      WHERE [i].[IsDeleted] = CAST(0 AS bit) AND [i].[CreatedDate] < @incidentCutoffUtc AND [i].[Status] IN (N'Resolved', N'Rejected', N'Expired', N'Cancelled', N'Failed')
info: Microsoft.EntityFrameworkCore.Database.Command[20101]
      Executed DbCommand (3ms) [Parameters=[@p='?' (DbType = Int32), @incidentCutoffUtc='?' (DbType = DateTime2)], CommandType='Text', CommandTimeout='30']
      SELECT TOP(@p) [i].[Id]
      FROM [Incidents] AS [i]
      WHERE [i].[IsDeleted] = CAST(0 AS bit) AND [i].[CreatedDate] < @incidentCutoffUtc AND [i].[Status] IN (N'Resolved', N'Rejected', N'Expired', N'Cancelled', N'Failed')
      ORDER BY [i].[CreatedDate]
info: Microsoft.EntityFrameworkCore.Database.Command[20101]
      Executed DbCommand (2ms) [Parameters=[], CommandType='Text', CommandTimeout='30']
      SELECT TOP(2) [w].[Id], [w].[CircuitBreakerState], [w].[ConsecutiveFailureCount], [w].[Detail], [w].[FreshnessTier], [w].[HealthState], [w].[LastErrorCode], [w].[LastErrorMessage], [w].[LastHeartbeatAtUtc], [w].[LastUpdatedAtUtc], [w].[SnapshotAgeSeconds], [w].[WorkerKey], [w].[WorkerName]
      FROM [WorkerHeartbeats] AS [w]
      WHERE [w].[WorkerKey] = N'market-anomaly-engine'
info: Microsoft.EntityFrameworkCore.Database.Command[20101]
      Executed DbCommand (3ms) [Parameters=[@approvalCutoffUtc='?' (DbType = DateTime2)], CommandType='Text', CommandTimeout='30']
      SELECT [a].[Id]
      FROM [ApprovalQueues] AS [a]
      WHERE [a].[IsDeleted] = CAST(0 AS bit) AND [a].[CreatedDate] < @approvalCutoffUtc AND [a].[Status] IN (N'Approved', N'Executed', N'Rejected', N'Expired', N'Cancelled', N'Failed')
info: Microsoft.EntityFrameworkCore.Database.Command[20101]
      Executed DbCommand (3ms) [Parameters=[@p='?' (DbType = Int32), @approvalCutoffUtc='?' (DbType = DateTime2)], CommandType='Text', CommandTimeout='30']
      SELECT TOP(@p) [a].[Id]
      FROM [ApprovalQueues] AS [a]
      WHERE [a].[IsDeleted] = CAST(0 AS bit) AND [a].[CreatedDate] < @approvalCutoffUtc AND [a].[Status] IN (N'Approved', N'Executed', N'Rejected', N'Expired', N'Cancelled', N'Failed')
      ORDER BY [a].[CreatedDate]
info: Microsoft.EntityFrameworkCore.Database.Command[20101]
      Executed DbCommand (1ms) [Parameters=[@p0='?' (DbType = Guid), @p1='?' (Size = 128), @p2='?' (Size = 450), @p3='?' (Size = 128), @p4='?' (DbType = DateTime2), @p5='?' (Size = 128), @p6='?' (Size = 2048), @p7='?' (Size = 2048), @p8='?' (Size = 512), @p9='?' (Size = 256), @p10='?' (Size = 128), @p11='?' (Size = 256)], CommandType='Text', CommandTimeout='30']
      SET IMPLICIT_TRANSACTIONS OFF;
      SET NOCOUNT ON;
      INSERT INTO [AdminAuditLogs] ([Id], [ActionType], [ActorUserId], [CorrelationId], [CreatedAtUtc], [IpAddress], [NewValueSummary], [OldValueSummary], [Reason], [TargetId], [TargetType], [UserAgent])
      VALUES (@p0, @p1, @p2, @p3, @p4, @p5, @p6, @p7, @p8, @p9, @p10, @p11);
info: Microsoft.EntityFrameworkCore.Database.Command[20101]
      Executed DbCommand (3ms) [Parameters=[@p2='?' (DbType = Guid), @p0='?' (DbType = DateTime2), @p1='?' (DbType = DateTime2)], CommandType='Text', CommandTimeout='30']
      SET IMPLICIT_TRANSACTIONS OFF;
      SET NOCOUNT ON;
      UPDATE [WorkerHeartbeats] SET [LastHeartbeatAtUtc] = @p0, [LastUpdatedAtUtc] = @p1
      OUTPUT 1
      WHERE [Id] = @p2;
info: CoinBot.Infrastructure.Autonomy.MarketAnomalyService[0]
      Market anomaly sweep completed. Candidates=0; Evaluated=0; PolicyUpdated=0; ReviewQueued=0; Protected=0; InsufficientData=0.
info: System.Net.Http.HttpClient.IBinanceExchangeInfoClient.ClientHandler[101]
      Received HTTP response headers after 371.9268ms - 200
info: System.Net.Http.HttpClient.IBinanceExchangeInfoClient.LogicalHandler[101]
      End processing HTTP request after 382.2375ms - 200
info: Microsoft.EntityFrameworkCore.Database.Command[20101]
      Executed DbCommand (3ms) [Parameters=[@key='?' (Size = 128)], CommandType='Text', CommandTimeout='30']
      SELECT TOP(2) [h].[Id], [h].[BinancePingMs], [h].[CircuitBreakerState], [h].[ConsecutiveFailureCount], [h].[DbLatencyMs], [h].[Detail], [h].[DisplayName], [h].[FreshnessTier], [h].[HealthState], [h].[LastMessageAgeSeconds], [h].[LastUpdatedAtUtc], [h].[ObservedAtUtc], [h].[RateLimitUsage], [h].[ReconnectCount], [h].[RedisLatencyMs], [h].[SentinelName], [h].[SignalRActiveConnectionCount], [h].[SnapshotAgeSeconds], [h].[SnapshotKey], [h].[StreamGapCount], [h].[WebSocketStaleDurationSeconds], [h].[WorkerLastHeartbeatAtUtc]
      FROM [HealthSnapshots] AS [h]
      WHERE [h].[SnapshotKey] = @key
info: Microsoft.EntityFrameworkCore.Database.Command[20101]
      Executed DbCommand (1ms) [Parameters=[@key='?' (Size = 128)], CommandType='Text', CommandTimeout='30']
      SELECT TOP(2) [h].[Id], [h].[BinancePingMs], [h].[CircuitBreakerState], [h].[ConsecutiveFailureCount], [h].[DbLatencyMs], [h].[Detail], [h].[DisplayName], [h].[FreshnessTier], [h].[HealthState], [h].[LastMessageAgeSeconds], [h].[LastUpdatedAtUtc], [h].[ObservedAtUtc], [h].[RateLimitUsage], [h].[ReconnectCount], [h].[RedisLatencyMs], [h].[SentinelName], [h].[SignalRActiveConnectionCount], [h].[SnapshotAgeSeconds], [h].[SnapshotKey], [h].[StreamGapCount], [h].[WebSocketStaleDurationSeconds], [h].[WorkerLastHeartbeatAtUtc]
      FROM [HealthSnapshots] AS [h]
      WHERE [h].[SnapshotKey] = @key
info: Microsoft.EntityFrameworkCore.Database.Command[20101]
      Executed DbCommand (0ms) [Parameters=[@key='?' (Size = 128)], CommandType='Text', CommandTimeout='30']
      SELECT TOP(2) [h].[Id], [h].[BinancePingMs], [h].[CircuitBreakerState], [h].[ConsecutiveFailureCount], [h].[DbLatencyMs], [h].[Detail], [h].[DisplayName], [h].[FreshnessTier], [h].[HealthState], [h].[LastMessageAgeSeconds], [h].[LastUpdatedAtUtc], [h].[ObservedAtUtc], [h].[RateLimitUsage], [h].[ReconnectCount], [h].[RedisLatencyMs], [h].[SentinelName], [h].[SignalRActiveConnectionCount], [h].[SnapshotAgeSeconds], [h].[SnapshotKey], [h].[StreamGapCount], [h].[WebSocketStaleDurationSeconds], [h].[WorkerLastHeartbeatAtUtc]
      FROM [HealthSnapshots] AS [h]
      WHERE [h].[SnapshotKey] = @key
info: Microsoft.EntityFrameworkCore.Database.Command[20101]
      Executed DbCommand (1ms) [Parameters=[@key='?' (Size = 128)], CommandType='Text', CommandTimeout='30']
      SELECT TOP(2) [h].[Id], [h].[BinancePingMs], [h].[CircuitBreakerState], [h].[ConsecutiveFailureCount], [h].[DbLatencyMs], [h].[Detail], [h].[DisplayName], [h].[FreshnessTier], [h].[HealthState], [h].[LastMessageAgeSeconds], [h].[LastUpdatedAtUtc], [h].[ObservedAtUtc], [h].[RateLimitUsage], [h].[ReconnectCount], [h].[RedisLatencyMs], [h].[SentinelName], [h].[SignalRActiveConnectionCount], [h].[SnapshotAgeSeconds], [h].[SnapshotKey], [h].[StreamGapCount], [h].[WebSocketStaleDurationSeconds], [h].[WorkerLastHeartbeatAtUtc]
      FROM [HealthSnapshots] AS [h]
      WHERE [h].[SnapshotKey] = @key
info: Microsoft.EntityFrameworkCore.Database.Command[20101]
      Executed DbCommand (8ms) [Parameters=[@p4='?' (DbType = Guid), @p0='?' (DbType = Int32), @p1='?' (DbType = DateTime2), @p2='?' (DbType = DateTime2), @p3='?' (DbType = DateTime2), @p9='?' (DbType = Guid), @p5='?' (DbType = Int32), @p6='?' (DbType = DateTime2), @p7='?' (DbType = DateTime2), @p8='?' (DbType = DateTime2), @p14='?' (DbType = Guid), @p10='?' (DbType = Int32), @p11='?' (DbType = DateTime2), @p12='?' (DbType = DateTime2), @p13='?' (DbType = DateTime2), @p20='?' (DbType = Guid), @p15='?' (DbType = Int32), @p16='?' (Size = 2048), @p17='?' (DbType = DateTime2), @p18='?' (DbType = DateTime2), @p19='?' (DbType = DateTime2)], CommandType='Text', CommandTimeout='30']
      SET NOCOUNT ON;
      UPDATE [HealthSnapshots] SET [DbLatencyMs] = @p0, [LastUpdatedAtUtc] = @p1, [ObservedAtUtc] = @p2, [WorkerLastHeartbeatAtUtc] = @p3
      OUTPUT 1
      WHERE [Id] = @p4;
      UPDATE [HealthSnapshots] SET [DbLatencyMs] = @p5, [LastUpdatedAtUtc] = @p6, [ObservedAtUtc] = @p7, [WorkerLastHeartbeatAtUtc] = @p8
      OUTPUT 1
      WHERE [Id] = @p9;
      UPDATE [HealthSnapshots] SET [DbLatencyMs] = @p10, [LastUpdatedAtUtc] = @p11, [ObservedAtUtc] = @p12, [WorkerLastHeartbeatAtUtc] = @p13
      OUTPUT 1
      WHERE [Id] = @p14;
      UPDATE [HealthSnapshots] SET [DbLatencyMs] = @p15, [Detail] = @p16, [LastUpdatedAtUtc] = @p17, [ObservedAtUtc] = @p18, [WorkerLastHeartbeatAtUtc] = @p19
      OUTPUT 1
      WHERE [Id] = @p20;
info: Microsoft.EntityFrameworkCore.Database.Command[20101]
      Executed DbCommand (0ms) [Parameters=[], CommandType='Text', CommandTimeout='30']
      SELECT 1
info: Microsoft.EntityFrameworkCore.Database.Command[20101]
      Executed DbCommand (0ms) [Parameters=[], CommandType='Text', CommandTimeout='30']
      SELECT TOP(2) [d].[Id], [d].[CreatedDate], [d].[ExecutionFlowBlocked], [d].[IsDeleted], [d].[LastStateChangedAtUtc], [d].[LatestClockDriftMilliseconds], [d].[LatestDataTimestampAtUtc], [d].[LatestHeartbeatReceivedAtUtc], [d].[ReasonCode], [d].[SignalFlowBlocked], [d].[StateCode], [d].[UpdatedDate]
      FROM [DegradedModeStates] AS [d]
      WHERE [d].[Id] = '3e17e8ef-3a73-45cc-8c32-a11fa55178d7'
info: Microsoft.EntityFrameworkCore.Database.Command[20101]
      Executed DbCommand (0ms) [Parameters=[@key='?' (Size = 128)], CommandType='Text', CommandTimeout='30']
      SELECT TOP(2) [h].[Id], [h].[BinancePingMs], [h].[CircuitBreakerState], [h].[ConsecutiveFailureCount], [h].[DbLatencyMs], [h].[Detail], [h].[DisplayName], [h].[FreshnessTier], [h].[HealthState], [h].[LastMessageAgeSeconds], [h].[LastUpdatedAtUtc], [h].[ObservedAtUtc], [h].[RateLimitUsage], [h].[ReconnectCount], [h].[RedisLatencyMs], [h].[SentinelName], [h].[SignalRActiveConnectionCount], [h].[SnapshotAgeSeconds], [h].[SnapshotKey], [h].[StreamGapCount], [h].[WebSocketStaleDurationSeconds], [h].[WorkerLastHeartbeatAtUtc]
      FROM [HealthSnapshots] AS [h]
      WHERE [h].[SnapshotKey] = @key
info: Microsoft.EntityFrameworkCore.Database.Command[20101]
      Executed DbCommand (2ms) [Parameters=[], CommandType='Text', CommandTimeout='30']
      SELECT TOP(1) [b].[JobType], [b].[JobKey], [b].[LastHeartbeatAtUtc], [b].[ConsecutiveFailureCount], [b].[LastErrorCode]
      FROM [BackgroundJobStates] AS [b]
      WHERE [b].[LastHeartbeatAtUtc] IS NOT NULL
      ORDER BY [b].[LastHeartbeatAtUtc] DESC
info: Microsoft.EntityFrameworkCore.Database.Command[20101]
      Executed DbCommand (2ms) [Parameters=[@key='?' (Size = 128)], CommandType='Text', CommandTimeout='30']
      SELECT TOP(2) [w].[Id], [w].[CircuitBreakerState], [w].[ConsecutiveFailureCount], [w].[Detail], [w].[FreshnessTier], [w].[HealthState], [w].[LastErrorCode], [w].[LastErrorMessage], [w].[LastHeartbeatAtUtc], [w].[LastUpdatedAtUtc], [w].[SnapshotAgeSeconds], [w].[WorkerKey], [w].[WorkerName]
      FROM [WorkerHeartbeats] AS [w]
      WHERE [w].[WorkerKey] = @key
info: Microsoft.EntityFrameworkCore.Database.Command[20101]
      Executed DbCommand (3ms) [Parameters=[@utcNow='?' (DbType = DateTime2)], CommandType='Text', CommandTimeout='30']
      SELECT TOP(1) [e].[ExchangeAccountId], [e].[PrivateStreamConnectionState], COALESCE([e].[LastPrivateStreamEventAtUtc], [e].[LastListenKeyRenewedAtUtc], [e].[LastStateReconciledAtUtc], @utcNow) AS [HeartbeatAtUtc], [e].[ConsecutiveStreamFailureCount], [e].[LastErrorCode]
      FROM [ExchangeAccountSyncStates] AS [e]
      WHERE [e].[LastPrivateStreamEventAtUtc] IS NOT NULL OR [e].[LastListenKeyRenewedAtUtc] IS NOT NULL
      ORDER BY COALESCE([e].[LastPrivateStreamEventAtUtc], [e].[LastListenKeyRenewedAtUtc], @utcNow) DESC
info: Microsoft.EntityFrameworkCore.Database.Command[20101]
      Executed DbCommand (0ms) [Parameters=[@key='?' (Size = 128)], CommandType='Text', CommandTimeout='30']
      SELECT TOP(2) [w].[Id], [w].[CircuitBreakerState], [w].[ConsecutiveFailureCount], [w].[Detail], [w].[FreshnessTier], [w].[HealthState], [w].[LastErrorCode], [w].[LastErrorMessage], [w].[LastHeartbeatAtUtc], [w].[LastUpdatedAtUtc], [w].[SnapshotAgeSeconds], [w].[WorkerKey], [w].[WorkerName]
      FROM [WorkerHeartbeats] AS [w]
      WHERE [w].[WorkerKey] = @key
info: Microsoft.EntityFrameworkCore.Database.Command[20101]
      Executed DbCommand (0ms) [Parameters=[@key='?' (Size = 128)], CommandType='Text', CommandTimeout='30']
      SELECT TOP(2) [w].[Id], [w].[CircuitBreakerState], [w].[ConsecutiveFailureCount], [w].[Detail], [w].[FreshnessTier], [w].[HealthState], [w].[LastErrorCode], [w].[LastErrorMessage], [w].[LastHeartbeatAtUtc], [w].[LastUpdatedAtUtc], [w].[SnapshotAgeSeconds], [w].[WorkerKey], [w].[WorkerName]
      FROM [WorkerHeartbeats] AS [w]
      WHERE [w].[WorkerKey] = @key
info: Microsoft.EntityFrameworkCore.Database.Command[20101]
      Executed DbCommand (0ms) [Parameters=[@key='?' (Size = 128)], CommandType='Text', CommandTimeout='30']
      SELECT TOP(2) [w].[Id], [w].[CircuitBreakerState], [w].[ConsecutiveFailureCount], [w].[Detail], [w].[FreshnessTier], [w].[HealthState], [w].[LastErrorCode], [w].[LastErrorMessage], [w].[LastHeartbeatAtUtc], [w].[LastUpdatedAtUtc], [w].[SnapshotAgeSeconds], [w].[WorkerKey], [w].[WorkerName]
      FROM [WorkerHeartbeats] AS [w]
      WHERE [w].[WorkerKey] = @key
info: Microsoft.EntityFrameworkCore.Database.Command[20101]
      Executed DbCommand (7ms) [Parameters=[@p5='?' (DbType = Guid), @p0='?' (DbType = Int32), @p1='?' (Size = 2048), @p2='?' (DbType = DateTime2), @p3='?' (DbType = DateTime2), @p4='?' (DbType = DateTime2), @p8='?' (DbType = Guid), @p6='?' (DbType = DateTime2), @p7='?' (DbType = DateTime2), @p11='?' (DbType = Guid), @p9='?' (DbType = DateTime2), @p10='?' (DbType = DateTime2), @p14='?' (DbType = Guid), @p12='?' (DbType = DateTime2), @p13='?' (DbType = DateTime2), @p17='?' (DbType = Guid), @p15='?' (DbType = DateTime2), @p16='?' (DbType = DateTime2)], CommandType='Text', CommandTimeout='30']
      SET NOCOUNT ON;
      UPDATE [HealthSnapshots] SET [DbLatencyMs] = @p0, [Detail] = @p1, [LastUpdatedAtUtc] = @p2, [ObservedAtUtc] = @p3, [WorkerLastHeartbeatAtUtc] = @p4
      OUTPUT 1
      WHERE [Id] = @p5;
      UPDATE [WorkerHeartbeats] SET [LastHeartbeatAtUtc] = @p6, [LastUpdatedAtUtc] = @p7
      OUTPUT 1
      WHERE [Id] = @p8;
      UPDATE [WorkerHeartbeats] SET [LastHeartbeatAtUtc] = @p9, [LastUpdatedAtUtc] = @p10
      OUTPUT 1
      WHERE [Id] = @p11;
      UPDATE [WorkerHeartbeats] SET [LastHeartbeatAtUtc] = @p12, [LastUpdatedAtUtc] = @p13
      OUTPUT 1
      WHERE [Id] = @p14;
      UPDATE [WorkerHeartbeats] SET [LastHeartbeatAtUtc] = @p15, [LastUpdatedAtUtc] = @p16
      OUTPUT 1
      WHERE [Id] = @p17;
info: Microsoft.EntityFrameworkCore.Database.Command[20101]
      Executed DbCommand (1ms) [Parameters=[], CommandType='Text', CommandTimeout='30']
      SELECT 1
info: Microsoft.EntityFrameworkCore.Database.Command[20101]
      Executed DbCommand (0ms) [Parameters=[], CommandType='Text', CommandTimeout='30']
      SELECT TOP(2) [d].[Id], [d].[CreatedDate], [d].[ExecutionFlowBlocked], [d].[IsDeleted], [d].[LastStateChangedAtUtc], [d].[LatestClockDriftMilliseconds], [d].[LatestDataTimestampAtUtc], [d].[LatestHeartbeatReceivedAtUtc], [d].[ReasonCode], [d].[SignalFlowBlocked], [d].[StateCode], [d].[UpdatedDate]
      FROM [DegradedModeStates] AS [d]
      WHERE [d].[Id] = '3e17e8ef-3a73-45cc-8c32-a11fa55178d7'
info: System.Net.Http.HttpClient.IBinanceExchangeInfoClient.LogicalHandler[100]
      Start processing HTTP request GET https://fapi.binance.com/fapi/v1/time
info: System.Net.Http.HttpClient.IBinanceExchangeInfoClient.ClientHandler[100]
      Sending HTTP request GET https://fapi.binance.com/fapi/v1/time
info: System.Net.Http.HttpClient.IBinanceExchangeInfoClient.ClientHandler[101]
      Received HTTP response headers after 236.0968ms - 200
info: System.Net.Http.HttpClient.IBinanceExchangeInfoClient.LogicalHandler[101]
      End processing HTTP request after 236.1771ms - 200
info: Microsoft.EntityFrameworkCore.Database.Command[20101]
      Executed DbCommand (0ms) [Parameters=[@key='?' (Size = 128)], CommandType='Text', CommandTimeout='30']
      SELECT TOP(2) [h].[Id], [h].[BinancePingMs], [h].[CircuitBreakerState], [h].[ConsecutiveFailureCount], [h].[DbLatencyMs], [h].[Detail], [h].[DisplayName], [h].[FreshnessTier], [h].[HealthState], [h].[LastMessageAgeSeconds], [h].[LastUpdatedAtUtc], [h].[ObservedAtUtc], [h].[RateLimitUsage], [h].[ReconnectCount], [h].[RedisLatencyMs], [h].[SentinelName], [h].[SignalRActiveConnectionCount], [h].[SnapshotAgeSeconds], [h].[SnapshotKey], [h].[StreamGapCount], [h].[WebSocketStaleDurationSeconds], [h].[WorkerLastHeartbeatAtUtc]
      FROM [HealthSnapshots] AS [h]
      WHERE [h].[SnapshotKey] = @key
info: Microsoft.EntityFrameworkCore.Database.Command[20101]
      Executed DbCommand (0ms) [Parameters=[@key='?' (Size = 128)], CommandType='Text', CommandTimeout='30']
      SELECT TOP(2) [h].[Id], [h].[BinancePingMs], [h].[CircuitBreakerState], [h].[ConsecutiveFailureCount], [h].[DbLatencyMs], [h].[Detail], [h].[DisplayName], [h].[FreshnessTier], [h].[HealthState], [h].[LastMessageAgeSeconds], [h].[LastUpdatedAtUtc], [h].[ObservedAtUtc], [h].[RateLimitUsage], [h].[ReconnectCount], [h].[RedisLatencyMs], [h].[SentinelName], [h].[SignalRActiveConnectionCount], [h].[SnapshotAgeSeconds], [h].[SnapshotKey], [h].[StreamGapCount], [h].[WebSocketStaleDurationSeconds], [h].[WorkerLastHeartbeatAtUtc]
      FROM [HealthSnapshots] AS [h]
      WHERE [h].[SnapshotKey] = @key
info: Microsoft.EntityFrameworkCore.Database.Command[20101]
      Executed DbCommand (0ms) [Parameters=[@key='?' (Size = 128)], CommandType='Text', CommandTimeout='30']
      SELECT TOP(2) [h].[Id], [h].[BinancePingMs], [h].[CircuitBreakerState], [h].[ConsecutiveFailureCount], [h].[DbLatencyMs], [h].[Detail], [h].[DisplayName], [h].[FreshnessTier], [h].[HealthState], [h].[LastMessageAgeSeconds], [h].[LastUpdatedAtUtc], [h].[ObservedAtUtc], [h].[RateLimitUsage], [h].[ReconnectCount], [h].[RedisLatencyMs], [h].[SentinelName], [h].[SignalRActiveConnectionCount], [h].[SnapshotAgeSeconds], [h].[SnapshotKey], [h].[StreamGapCount], [h].[WebSocketStaleDurationSeconds], [h].[WorkerLastHeartbeatAtUtc]
      FROM [HealthSnapshots] AS [h]
      WHERE [h].[SnapshotKey] = @key
info: Microsoft.EntityFrameworkCore.Database.Command[20101]
      Executed DbCommand (0ms) [Parameters=[@key='?' (Size = 128)], CommandType='Text', CommandTimeout='30']
      SELECT TOP(2) [h].[Id], [h].[BinancePingMs], [h].[CircuitBreakerState], [h].[ConsecutiveFailureCount], [h].[DbLatencyMs], [h].[Detail], [h].[DisplayName], [h].[FreshnessTier], [h].[HealthState], [h].[LastMessageAgeSeconds], [h].[LastUpdatedAtUtc], [h].[ObservedAtUtc], [h].[RateLimitUsage], [h].[ReconnectCount], [h].[RedisLatencyMs], [h].[SentinelName], [h].[SignalRActiveConnectionCount], [h].[SnapshotAgeSeconds], [h].[SnapshotKey], [h].[StreamGapCount], [h].[WebSocketStaleDurationSeconds], [h].[WorkerLastHeartbeatAtUtc]
      FROM [HealthSnapshots] AS [h]
      WHERE [h].[SnapshotKey] = @key
info: Microsoft.EntityFrameworkCore.Database.Command[20101]
      Executed DbCommand (1ms) [Parameters=[@p4='?' (DbType = Guid), @p0='?' (DbType = Int32), @p1='?' (DbType = DateTime2), @p2='?' (DbType = DateTime2), @p3='?' (DbType = DateTime2), @p9='?' (DbType = Guid), @p5='?' (DbType = Int32), @p6='?' (DbType = DateTime2), @p7='?' (DbType = DateTime2), @p8='?' (DbType = DateTime2), @p14='?' (DbType = Guid), @p10='?' (DbType = Int32), @p11='?' (DbType = DateTime2), @p12='?' (DbType = DateTime2), @p13='?' (DbType = DateTime2), @p20='?' (DbType = Guid), @p15='?' (DbType = Int32), @p16='?' (Size = 2048), @p17='?' (DbType = DateTime2), @p18='?' (DbType = DateTime2), @p19='?' (DbType = DateTime2)], CommandType='Text', CommandTimeout='30']
      SET NOCOUNT ON;
      UPDATE [HealthSnapshots] SET [DbLatencyMs] = @p0, [LastUpdatedAtUtc] = @p1, [ObservedAtUtc] = @p2, [WorkerLastHeartbeatAtUtc] = @p3
      OUTPUT 1
      WHERE [Id] = @p4;
      UPDATE [HealthSnapshots] SET [DbLatencyMs] = @p5, [LastUpdatedAtUtc] = @p6, [ObservedAtUtc] = @p7, [WorkerLastHeartbeatAtUtc] = @p8
      OUTPUT 1
      WHERE [Id] = @p9;
      UPDATE [HealthSnapshots] SET [DbLatencyMs] = @p10, [LastUpdatedAtUtc] = @p11, [ObservedAtUtc] = @p12, [WorkerLastHeartbeatAtUtc] = @p13
      OUTPUT 1
      WHERE [Id] = @p14;
      UPDATE [HealthSnapshots] SET [DbLatencyMs] = @p15, [Detail] = @p16, [LastUpdatedAtUtc] = @p17, [ObservedAtUtc] = @p18, [WorkerLastHeartbeatAtUtc] = @p19
      OUTPUT 1
      WHERE [Id] = @p20;
warn: CoinBot.Infrastructure.Execution.VirtualExecutionWatchdogWorker[0]
      Virtual execution watchdog worker cycle failed.
      System.InvalidOperationException: The LINQ expression 'DbSet<ExecutionOrder>()
          .Where(e => !(e.IsDeleted) && (int)e.ExecutionEnvironment == 0 && (int)e.ExecutorKind == 1 && ((IReadOnlySet<ExecutionOrderState>)HashSet<ExecutionOrderState> { Submitted, PartiallyFilled }).Contains(e.State))' could not be translated. Additional information: Translation of method 'System.Collections.Generic.IReadOnlySet<CoinBot.Domain.Enums.ExecutionOrderState>.Contains' failed. If this method can be mapped to your custom function, see https://go.microsoft.com/fwlink/?linkid=2132413 for more information. Either rewrite the query in a form that can be translated, or switch to client evaluation explicitly by inserting a call to 'AsEnumerable', 'AsAsyncEnumerable', 'ToList', or 'ToListAsync'. See https://go.microsoft.com/fwlink/?linkid=2101038 for more information.
         at Microsoft.EntityFrameworkCore.Query.QueryableMethodTranslatingExpressionVisitor.Translate(Expression expression)
         at Microsoft.EntityFrameworkCore.Query.QueryCompilationContext.CreateQueryExecutorExpression[TResult](Expression query)
         at Microsoft.EntityFrameworkCore.Query.QueryCompilationContext.CreateQueryExecutor[TResult](Expression query)
         at Microsoft.EntityFrameworkCore.Storage.Database.CompileQuery[TResult](Expression query, Boolean async)
         at Microsoft.EntityFrameworkCore.Query.Internal.QueryCompiler.CompileQueryCore[TResult](IDatabase database, Expression query, IModel model, Boolean async)
         at Microsoft.EntityFrameworkCore.Query.Internal.QueryCompiler.<>c__DisplayClass11_0`1.<ExecuteCore>b__0()
         at Microsoft.EntityFrameworkCore.Query.Internal.CompiledQueryCache.GetOrAddQuery[TResult](Object cacheKey, Func`1 compiler)
         at Microsoft.EntityFrameworkCore.Query.Internal.QueryCompiler.ExecuteCore[TResult](Expression query, Boolean async, CancellationToken cancellationToken)
         at Microsoft.EntityFrameworkCore.Query.Internal.QueryCompiler.ExecuteAsync[TResult](Expression query, CancellationToken cancellationToken)
         at Microsoft.EntityFrameworkCore.Query.Internal.EntityQueryProvider.ExecuteAsync[TResult](Expression expression, CancellationToken cancellationToken)
         at Microsoft.EntityFrameworkCore.Query.Internal.EntityQueryable`1.GetAsyncEnumerator(CancellationToken cancellationToken)
         at System.Runtime.CompilerServices.ConfiguredCancelableAsyncEnumerable`1.GetAsyncEnumerator()
         at Microsoft.EntityFrameworkCore.EntityFrameworkQueryableExtensions.ToListAsync[TSource](IQueryable`1 source, CancellationToken cancellationToken)
         at CoinBot.Infrastructure.Execution.VirtualExecutionWatchdogService.RunOnceAsync(CancellationToken cancellationToken) in D:\CkBot\Code\CoinBot\src\CoinBot.Infrastructure\Execution\VirtualExecutionWatchdogService.cs:line 35
         at CoinBot.Infrastructure.Execution.VirtualExecutionWatchdogWorker.ExecuteAsync(CancellationToken stoppingToken) in D:\CkBot\Code\CoinBot\src\CoinBot.Infrastructure\Execution\VirtualExecutionWatchdogWorker.cs:line 27
info: Microsoft.EntityFrameworkCore.Database.Command[20101]
      Executed DbCommand (0ms) [Parameters=[@nowUtc='?' (DbType = DateTime2)], CommandType='Text', CommandTimeout='30']
      SELECT [a].[Id], [a].[AffectedSymbolsCsv], [a].[AffectedUsersCsv], [a].[ApprovalId], [a].[ConfidenceScore], [a].[CorrelationId], [a].[CreatedDate], [a].[ExpiresAtUtc], [a].[IsDeleted], [a].[Reason], [a].[ScopeKey], [a].[Status], [a].[SuggestedAction], [a].[UpdatedDate]
      FROM [AutonomyReviewQueue] AS [a]
      WHERE [a].[IsDeleted] = CAST(0 AS bit) AND [a].[Status] = N'Pending' AND [a].[ExpiresAtUtc] <= @nowUtc
info: Microsoft.EntityFrameworkCore.Database.Command[20101]
      Executed DbCommand (0ms) [Parameters=[@breakerKind='?' (Size = 64)], CommandType='Text', CommandTimeout='30']
      SELECT TOP(2) [d].[Id], [d].[BreakerKind], [d].[ConsecutiveFailureCount], [d].[CooldownUntilUtc], [d].[CorrelationId], [d].[CreatedDate], [d].[HalfOpenStartedAtUtc], [d].[IsDeleted], [d].[LastErrorCode], [d].[LastErrorMessage], [d].[LastFailureAtUtc], [d].[LastProbeAtUtc], [d].[LastSuccessAtUtc], [d].[StateCode], [d].[UpdatedDate]
      FROM [DependencyCircuitBreakerStates] AS [d]
      WHERE [d].[IsDeleted] = CAST(0 AS bit) AND [d].[BreakerKind] = @breakerKind
info: Microsoft.EntityFrameworkCore.Database.Command[20101]
      Executed DbCommand (0ms) [Parameters=[@breakerKind='?' (Size = 64)], CommandType='Text', CommandTimeout='30']
      SELECT TOP(2) [d].[Id], [d].[BreakerKind], [d].[ConsecutiveFailureCount], [d].[CooldownUntilUtc], [d].[CorrelationId], [d].[CreatedDate], [d].[HalfOpenStartedAtUtc], [d].[IsDeleted], [d].[LastErrorCode], [d].[LastErrorMessage], [d].[LastFailureAtUtc], [d].[LastProbeAtUtc], [d].[LastSuccessAtUtc], [d].[StateCode], [d].[UpdatedDate]
      FROM [DependencyCircuitBreakerStates] AS [d]
      WHERE [d].[IsDeleted] = CAST(0 AS bit) AND [d].[BreakerKind] = @breakerKind
info: Microsoft.EntityFrameworkCore.Database.Command[20101]
      Executed DbCommand (0ms) [Parameters=[@breakerKind='?' (Size = 64)], CommandType='Text', CommandTimeout='30']
      SELECT TOP(2) [d].[Id], [d].[BreakerKind], [d].[ConsecutiveFailureCount], [d].[CooldownUntilUtc], [d].[CorrelationId], [d].[CreatedDate], [d].[HalfOpenStartedAtUtc], [d].[IsDeleted], [d].[LastErrorCode], [d].[LastErrorMessage], [d].[LastFailureAtUtc], [d].[LastProbeAtUtc], [d].[LastSuccessAtUtc], [d].[StateCode], [d].[UpdatedDate]
      FROM [DependencyCircuitBreakerStates] AS [d]
      WHERE [d].[IsDeleted] = CAST(0 AS bit) AND [d].[BreakerKind] = @breakerKind
info: Microsoft.EntityFrameworkCore.Database.Command[20101]
      Executed DbCommand (0ms) [Parameters=[@breakerKind='?' (Size = 64)], CommandType='Text', CommandTimeout='30']
      SELECT TOP(2) [d].[Id], [d].[BreakerKind], [d].[ConsecutiveFailureCount], [d].[CooldownUntilUtc], [d].[CorrelationId], [d].[CreatedDate], [d].[HalfOpenStartedAtUtc], [d].[IsDeleted], [d].[LastErrorCode], [d].[LastErrorMessage], [d].[LastFailureAtUtc], [d].[LastProbeAtUtc], [d].[LastSuccessAtUtc], [d].[StateCode], [d].[UpdatedDate]
      FROM [DependencyCircuitBreakerStates] AS [d]
      WHERE [d].[IsDeleted] = CAST(0 AS bit) AND [d].[BreakerKind] = @breakerKind
info: Microsoft.EntityFrameworkCore.Database.Command[20101]
      Executed DbCommand (0ms) [Parameters=[], CommandType='Text', CommandTimeout='30']
      SELECT 1
info: Microsoft.EntityFrameworkCore.Database.Command[20101]
      Executed DbCommand (0ms) [Parameters=[], CommandType='Text', CommandTimeout='30']
      SELECT TOP(2) [d].[Id], [d].[CreatedDate], [d].[ExecutionFlowBlocked], [d].[IsDeleted], [d].[LastStateChangedAtUtc], [d].[LatestClockDriftMilliseconds], [d].[LatestDataTimestampAtUtc], [d].[LatestHeartbeatReceivedAtUtc], [d].[ReasonCode], [d].[SignalFlowBlocked], [d].[StateCode], [d].[UpdatedDate]
      FROM [DegradedModeStates] AS [d]
      WHERE [d].[Id] = '3e17e8ef-3a73-45cc-8c32-a11fa55178d7'
info: System.Net.Http.HttpClient.IBinanceExchangeInfoClient.LogicalHandler[100]
      Start processing HTTP request GET https://fapi.binance.com/fapi/v1/time
info: System.Net.Http.HttpClient.IBinanceExchangeInfoClient.ClientHandler[100]
      Sending HTTP request GET https://fapi.binance.com/fapi/v1/time
info: System.Net.Http.HttpClient.IBinanceExchangeInfoClient.ClientHandler[101]
      Received HTTP response headers after 246.3908ms - 200
info: System.Net.Http.HttpClient.IBinanceExchangeInfoClient.LogicalHandler[101]
      End processing HTTP request after 246.443ms - 200
info: Microsoft.EntityFrameworkCore.Database.Command[20101]
      Executed DbCommand (0ms) [Parameters=[@key='?' (Size = 128)], CommandType='Text', CommandTimeout='30']
      SELECT TOP(2) [h].[Id], [h].[BinancePingMs], [h].[CircuitBreakerState], [h].[ConsecutiveFailureCount], [h].[DbLatencyMs], [h].[Detail], [h].[DisplayName], [h].[FreshnessTier], [h].[HealthState], [h].[LastMessageAgeSeconds], [h].[LastUpdatedAtUtc], [h].[ObservedAtUtc], [h].[RateLimitUsage], [h].[ReconnectCount], [h].[RedisLatencyMs], [h].[SentinelName], [h].[SignalRActiveConnectionCount], [h].[SnapshotAgeSeconds], [h].[SnapshotKey], [h].[StreamGapCount], [h].[WebSocketStaleDurationSeconds], [h].[WorkerLastHeartbeatAtUtc]
      FROM [HealthSnapshots] AS [h]
      WHERE [h].[SnapshotKey] = @key
info: Microsoft.EntityFrameworkCore.Database.Command[20101]
      Executed DbCommand (0ms) [Parameters=[@key='?' (Size = 128)], CommandType='Text', CommandTimeout='30']
      SELECT TOP(2) [h].[Id], [h].[BinancePingMs], [h].[CircuitBreakerState], [h].[ConsecutiveFailureCount], [h].[DbLatencyMs], [h].[Detail], [h].[DisplayName], [h].[FreshnessTier], [h].[HealthState], [h].[LastMessageAgeSeconds], [h].[LastUpdatedAtUtc], [h].[ObservedAtUtc], [h].[RateLimitUsage], [h].[ReconnectCount], [h].[RedisLatencyMs], [h].[SentinelName], [h].[SignalRActiveConnectionCount], [h].[SnapshotAgeSeconds], [h].[SnapshotKey], [h].[StreamGapCount], [h].[WebSocketStaleDurationSeconds], [h].[WorkerLastHeartbeatAtUtc]
      FROM [HealthSnapshots] AS [h]
      WHERE [h].[SnapshotKey] = @key
info: Microsoft.EntityFrameworkCore.Database.Command[20101]
      Executed DbCommand (0ms) [Parameters=[@key='?' (Size = 128)], CommandType='Text', CommandTimeout='30']
      SELECT TOP(2) [h].[Id], [h].[BinancePingMs], [h].[CircuitBreakerState], [h].[ConsecutiveFailureCount], [h].[DbLatencyMs], [h].[Detail], [h].[DisplayName], [h].[FreshnessTier], [h].[HealthState], [h].[LastMessageAgeSeconds], [h].[LastUpdatedAtUtc], [h].[ObservedAtUtc], [h].[RateLimitUsage], [h].[ReconnectCount], [h].[RedisLatencyMs], [h].[SentinelName], [h].[SignalRActiveConnectionCount], [h].[SnapshotAgeSeconds], [h].[SnapshotKey], [h].[StreamGapCount], [h].[WebSocketStaleDurationSeconds], [h].[WorkerLastHeartbeatAtUtc]
      FROM [HealthSnapshots] AS [h]
      WHERE [h].[SnapshotKey] = @key
info: Microsoft.EntityFrameworkCore.Database.Command[20101]
      Executed DbCommand (0ms) [Parameters=[@key='?' (Size = 128)], CommandType='Text', CommandTimeout='30']
      SELECT TOP(2) [h].[Id], [h].[BinancePingMs], [h].[CircuitBreakerState], [h].[ConsecutiveFailureCount], [h].[DbLatencyMs], [h].[Detail], [h].[DisplayName], [h].[FreshnessTier], [h].[HealthState], [h].[LastMessageAgeSeconds], [h].[LastUpdatedAtUtc], [h].[ObservedAtUtc], [h].[RateLimitUsage], [h].[ReconnectCount], [h].[RedisLatencyMs], [h].[SentinelName], [h].[SignalRActiveConnectionCount], [h].[SnapshotAgeSeconds], [h].[SnapshotKey], [h].[StreamGapCount], [h].[WebSocketStaleDurationSeconds], [h].[WorkerLastHeartbeatAtUtc]
      FROM [HealthSnapshots] AS [h]
      WHERE [h].[SnapshotKey] = @key
info: Microsoft.EntityFrameworkCore.Database.Command[20101]
      Executed DbCommand (0ms) [Parameters=[@p4='?' (DbType = Guid), @p0='?' (DbType = Int32), @p1='?' (DbType = DateTime2), @p2='?' (DbType = DateTime2), @p3='?' (DbType = DateTime2), @p9='?' (DbType = Guid), @p5='?' (DbType = Int32), @p6='?' (DbType = DateTime2), @p7='?' (DbType = DateTime2), @p8='?' (DbType = DateTime2), @p14='?' (DbType = Guid), @p10='?' (DbType = Int32), @p11='?' (DbType = DateTime2), @p12='?' (DbType = DateTime2), @p13='?' (DbType = DateTime2), @p20='?' (DbType = Guid), @p15='?' (DbType = Int32), @p16='?' (Size = 2048), @p17='?' (DbType = DateTime2), @p18='?' (DbType = DateTime2), @p19='?' (DbType = DateTime2)], CommandType='Text', CommandTimeout='30']
      SET NOCOUNT ON;
      UPDATE [HealthSnapshots] SET [DbLatencyMs] = @p0, [LastUpdatedAtUtc] = @p1, [ObservedAtUtc] = @p2, [WorkerLastHeartbeatAtUtc] = @p3
      OUTPUT 1
      WHERE [Id] = @p4;
      UPDATE [HealthSnapshots] SET [DbLatencyMs] = @p5, [LastUpdatedAtUtc] = @p6, [ObservedAtUtc] = @p7, [WorkerLastHeartbeatAtUtc] = @p8
      OUTPUT 1
      WHERE [Id] = @p9;
      UPDATE [HealthSnapshots] SET [DbLatencyMs] = @p10, [LastUpdatedAtUtc] = @p11, [ObservedAtUtc] = @p12, [WorkerLastHeartbeatAtUtc] = @p13
      OUTPUT 1
      WHERE [Id] = @p14;
      UPDATE [HealthSnapshots] SET [DbLatencyMs] = @p15, [Detail] = @p16, [LastUpdatedAtUtc] = @p17, [ObservedAtUtc] = @p18, [WorkerLastHeartbeatAtUtc] = @p19
      OUTPUT 1
      WHERE [Id] = @p20;
warn: CoinBot.Infrastructure.Execution.VirtualExecutionWatchdogWorker[0]
      Virtual execution watchdog worker cycle failed.
      System.InvalidOperationException: The LINQ expression 'DbSet<ExecutionOrder>()
          .Where(e => !(e.IsDeleted) && (int)e.ExecutionEnvironment == 0 && (int)e.ExecutorKind == 1 && ((IReadOnlySet<ExecutionOrderState>)HashSet<ExecutionOrderState> { Submitted, PartiallyFilled }).Contains(e.State))' could not be translated. Additional information: Translation of method 'System.Collections.Generic.IReadOnlySet<CoinBot.Domain.Enums.ExecutionOrderState>.Contains' failed. If this method can be mapped to your custom function, see https://go.microsoft.com/fwlink/?linkid=2132413 for more information. Either rewrite the query in a form that can be translated, or switch to client evaluation explicitly by inserting a call to 'AsEnumerable', 'AsAsyncEnumerable', 'ToList', or 'ToListAsync'. See https://go.microsoft.com/fwlink/?linkid=2101038 for more information.
         at Microsoft.EntityFrameworkCore.Query.QueryableMethodTranslatingExpressionVisitor.Translate(Expression expression)
         at Microsoft.EntityFrameworkCore.Query.QueryCompilationContext.CreateQueryExecutorExpression[TResult](Expression query)
         at Microsoft.EntityFrameworkCore.Query.QueryCompilationContext.CreateQueryExecutor[TResult](Expression query)
         at Microsoft.EntityFrameworkCore.Storage.Database.CompileQuery[TResult](Expression query, Boolean async)
         at Microsoft.EntityFrameworkCore.Query.Internal.QueryCompiler.CompileQueryCore[TResult](IDatabase database, Expression query, IModel model, Boolean async)
         at Microsoft.EntityFrameworkCore.Query.Internal.QueryCompiler.<>c__DisplayClass11_0`1.<ExecuteCore>b__0()
         at Microsoft.EntityFrameworkCore.Query.Internal.CompiledQueryCache.GetOrAddQuery[TResult](Object cacheKey, Func`1 compiler)
         at Microsoft.EntityFrameworkCore.Query.Internal.QueryCompiler.ExecuteCore[TResult](Expression query, Boolean async, CancellationToken cancellationToken)
         at Microsoft.EntityFrameworkCore.Query.Internal.QueryCompiler.ExecuteAsync[TResult](Expression query, CancellationToken cancellationToken)
         at Microsoft.EntityFrameworkCore.Query.Internal.EntityQueryProvider.ExecuteAsync[TResult](Expression expression, CancellationToken cancellationToken)
         at Microsoft.EntityFrameworkCore.Query.Internal.EntityQueryable`1.GetAsyncEnumerator(CancellationToken cancellationToken)
         at System.Runtime.CompilerServices.ConfiguredCancelableAsyncEnumerable`1.GetAsyncEnumerator()
         at Microsoft.EntityFrameworkCore.EntityFrameworkQueryableExtensions.ToListAsync[TSource](IQueryable`1 source, CancellationToken cancellationToken)
         at CoinBot.Infrastructure.Execution.VirtualExecutionWatchdogService.RunOnceAsync(CancellationToken cancellationToken) in D:\CkBot\Code\CoinBot\src\CoinBot.Infrastructure\Execution\VirtualExecutionWatchdogService.cs:line 35
         at CoinBot.Infrastructure.Execution.VirtualExecutionWatchdogWorker.ExecuteAsync(CancellationToken stoppingToken) in D:\CkBot\Code\CoinBot\src\CoinBot.Infrastructure\Execution\VirtualExecutionWatchdogWorker.cs:line 27
info: Microsoft.EntityFrameworkCore.Database.Command[20101]
      Executed DbCommand (1ms) [Parameters=[], CommandType='Text', CommandTimeout='30']
      SELECT 1
info: Microsoft.EntityFrameworkCore.Database.Command[20101]
      Executed DbCommand (0ms) [Parameters=[], CommandType='Text', CommandTimeout='30']
      SELECT TOP(2) [d].[Id], [d].[CreatedDate], [d].[ExecutionFlowBlocked], [d].[IsDeleted], [d].[LastStateChangedAtUtc], [d].[LatestClockDriftMilliseconds], [d].[LatestDataTimestampAtUtc], [d].[LatestHeartbeatReceivedAtUtc], [d].[ReasonCode], [d].[SignalFlowBlocked], [d].[StateCode], [d].[UpdatedDate]
      FROM [DegradedModeStates] AS [d]
      WHERE [d].[Id] = '3e17e8ef-3a73-45cc-8c32-a11fa55178d7'
info: System.Net.Http.HttpClient.IBinanceExchangeInfoClient.LogicalHandler[100]
      Start processing HTTP request GET https://fapi.binance.com/fapi/v1/time
info: System.Net.Http.HttpClient.IBinanceExchangeInfoClient.ClientHandler[100]
      Sending HTTP request GET https://fapi.binance.com/fapi/v1/time
warn: CoinBot.Infrastructure.Execution.VirtualExecutionWatchdogWorker[0]
      Virtual execution watchdog worker cycle failed.
      System.InvalidOperationException: The LINQ expression 'DbSet<ExecutionOrder>()
          .Where(e => !(e.IsDeleted) && (int)e.ExecutionEnvironment == 0 && (int)e.ExecutorKind == 1 && ((IReadOnlySet<ExecutionOrderState>)HashSet<ExecutionOrderState> { Submitted, PartiallyFilled }).Contains(e.State))' could not be translated. Additional information: Translation of method 'System.Collections.Generic.IReadOnlySet<CoinBot.Domain.Enums.ExecutionOrderState>.Contains' failed. If this method can be mapped to your custom function, see https://go.microsoft.com/fwlink/?linkid=2132413 for more information. Either rewrite the query in a form that can be translated, or switch to client evaluation explicitly by inserting a call to 'AsEnumerable', 'AsAsyncEnumerable', 'ToList', or 'ToListAsync'. See https://go.microsoft.com/fwlink/?linkid=2101038 for more information.
         at Microsoft.EntityFrameworkCore.Query.QueryableMethodTranslatingExpressionVisitor.Translate(Expression expression)
         at Microsoft.EntityFrameworkCore.Query.QueryCompilationContext.CreateQueryExecutorExpression[TResult](Expression query)
         at Microsoft.EntityFrameworkCore.Query.QueryCompilationContext.CreateQueryExecutor[TResult](Expression query)
         at Microsoft.EntityFrameworkCore.Storage.Database.CompileQuery[TResult](Expression query, Boolean async)
         at Microsoft.EntityFrameworkCore.Query.Internal.QueryCompiler.CompileQueryCore[TResult](IDatabase database, Expression query, IModel model, Boolean async)
         at Microsoft.EntityFrameworkCore.Query.Internal.QueryCompiler.<>c__DisplayClass11_0`1.<ExecuteCore>b__0()
         at Microsoft.EntityFrameworkCore.Query.Internal.CompiledQueryCache.GetOrAddQuery[TResult](Object cacheKey, Func`1 compiler)
         at Microsoft.EntityFrameworkCore.Query.Internal.QueryCompiler.ExecuteCore[TResult](Expression query, Boolean async, CancellationToken cancellationToken)
         at Microsoft.EntityFrameworkCore.Query.Internal.QueryCompiler.ExecuteAsync[TResult](Expression query, CancellationToken cancellationToken)
         at Microsoft.EntityFrameworkCore.Query.Internal.EntityQueryProvider.ExecuteAsync[TResult](Expression expression, CancellationToken cancellationToken)
         at Microsoft.EntityFrameworkCore.Query.Internal.EntityQueryable`1.GetAsyncEnumerator(CancellationToken cancellationToken)
         at System.Runtime.CompilerServices.ConfiguredCancelableAsyncEnumerable`1.GetAsyncEnumerator()
         at Microsoft.EntityFrameworkCore.EntityFrameworkQueryableExtensions.ToListAsync[TSource](IQueryable`1 source, CancellationToken cancellationToken)
         at CoinBot.Infrastructure.Execution.VirtualExecutionWatchdogService.RunOnceAsync(CancellationToken cancellationToken) in D:\CkBot\Code\CoinBot\src\CoinBot.Infrastructure\Execution\VirtualExecutionWatchdogService.cs:line 35
         at CoinBot.Infrastructure.Execution.VirtualExecutionWatchdogWorker.ExecuteAsync(CancellationToken stoppingToken) in D:\CkBot\Code\CoinBot\src\CoinBot.Infrastructure\Execution\VirtualExecutionWatchdogWorker.cs:line 27
info: System.Net.Http.HttpClient.IBinanceExchangeInfoClient.ClientHandler[101]
      Received HTTP response headers after 246.8029ms - 200
info: System.Net.Http.HttpClient.IBinanceExchangeInfoClient.LogicalHandler[101]
      End processing HTTP request after 246.8666ms - 200
info: Microsoft.EntityFrameworkCore.Database.Command[20101]
      Executed DbCommand (0ms) [Parameters=[@key='?' (Size = 128)], CommandType='Text', CommandTimeout='30']
      SELECT TOP(2) [h].[Id], [h].[BinancePingMs], [h].[CircuitBreakerState], [h].[ConsecutiveFailureCount], [h].[DbLatencyMs], [h].[Detail], [h].[DisplayName], [h].[FreshnessTier], [h].[HealthState], [h].[LastMessageAgeSeconds], [h].[LastUpdatedAtUtc], [h].[ObservedAtUtc], [h].[RateLimitUsage], [h].[ReconnectCount], [h].[RedisLatencyMs], [h].[SentinelName], [h].[SignalRActiveConnectionCount], [h].[SnapshotAgeSeconds], [h].[SnapshotKey], [h].[StreamGapCount], [h].[WebSocketStaleDurationSeconds], [h].[WorkerLastHeartbeatAtUtc]
      FROM [HealthSnapshots] AS [h]
      WHERE [h].[SnapshotKey] = @key
info: Microsoft.EntityFrameworkCore.Database.Command[20101]
      Executed DbCommand (0ms) [Parameters=[@key='?' (Size = 128)], CommandType='Text', CommandTimeout='30']
      SELECT TOP(2) [h].[Id], [h].[BinancePingMs], [h].[CircuitBreakerState], [h].[ConsecutiveFailureCount], [h].[DbLatencyMs], [h].[Detail], [h].[DisplayName], [h].[FreshnessTier], [h].[HealthState], [h].[LastMessageAgeSeconds], [h].[LastUpdatedAtUtc], [h].[ObservedAtUtc], [h].[RateLimitUsage], [h].[ReconnectCount], [h].[RedisLatencyMs], [h].[SentinelName], [h].[SignalRActiveConnectionCount], [h].[SnapshotAgeSeconds], [h].[SnapshotKey], [h].[StreamGapCount], [h].[WebSocketStaleDurationSeconds], [h].[WorkerLastHeartbeatAtUtc]
      FROM [HealthSnapshots] AS [h]
      WHERE [h].[SnapshotKey] = @key
info: Microsoft.EntityFrameworkCore.Database.Command[20101]
      Executed DbCommand (0ms) [Parameters=[@key='?' (Size = 128)], CommandType='Text', CommandTimeout='30']
      SELECT TOP(2) [h].[Id], [h].[BinancePingMs], [h].[CircuitBreakerState], [h].[ConsecutiveFailureCount], [h].[DbLatencyMs], [h].[Detail], [h].[DisplayName], [h].[FreshnessTier], [h].[HealthState], [h].[LastMessageAgeSeconds], [h].[LastUpdatedAtUtc], [h].[ObservedAtUtc], [h].[RateLimitUsage], [h].[ReconnectCount], [h].[RedisLatencyMs], [h].[SentinelName], [h].[SignalRActiveConnectionCount], [h].[SnapshotAgeSeconds], [h].[SnapshotKey], [h].[StreamGapCount], [h].[WebSocketStaleDurationSeconds], [h].[WorkerLastHeartbeatAtUtc]
      FROM [HealthSnapshots] AS [h]
      WHERE [h].[SnapshotKey] = @key
info: Microsoft.EntityFrameworkCore.Database.Command[20101]
      Executed DbCommand (0ms) [Parameters=[@key='?' (Size = 128)], CommandType='Text', CommandTimeout='30']
      SELECT TOP(2) [h].[Id], [h].[BinancePingMs], [h].[CircuitBreakerState], [h].[ConsecutiveFailureCount], [h].[DbLatencyMs], [h].[Detail], [h].[DisplayName], [h].[FreshnessTier], [h].[HealthState], [h].[LastMessageAgeSeconds], [h].[LastUpdatedAtUtc], [h].[ObservedAtUtc], [h].[RateLimitUsage], [h].[ReconnectCount], [h].[RedisLatencyMs], [h].[SentinelName], [h].[SignalRActiveConnectionCount], [h].[SnapshotAgeSeconds], [h].[SnapshotKey], [h].[StreamGapCount], [h].[WebSocketStaleDurationSeconds], [h].[WorkerLastHeartbeatAtUtc]
      FROM [HealthSnapshots] AS [h]
      WHERE [h].[SnapshotKey] = @key
info: Microsoft.EntityFrameworkCore.Database.Command[20101]
      Executed DbCommand (9ms) [Parameters=[@p3='?' (DbType = Guid), @p0='?' (DbType = DateTime2), @p1='?' (DbType = DateTime2), @p2='?' (DbType = DateTime2), @p7='?' (DbType = Guid), @p4='?' (DbType = DateTime2), @p5='?' (DbType = DateTime2), @p6='?' (DbType = DateTime2), @p11='?' (DbType = Guid), @p8='?' (DbType = DateTime2), @p9='?' (DbType = DateTime2), @p10='?' (DbType = DateTime2), @p16='?' (DbType = Guid), @p12='?' (Size = 2048), @p13='?' (DbType = DateTime2), @p14='?' (DbType = DateTime2), @p15='?' (DbType = DateTime2)], CommandType='Text', CommandTimeout='30']
      SET NOCOUNT ON;
      UPDATE [HealthSnapshots] SET [LastUpdatedAtUtc] = @p0, [ObservedAtUtc] = @p1, [WorkerLastHeartbeatAtUtc] = @p2
      OUTPUT 1
      WHERE [Id] = @p3;
      UPDATE [HealthSnapshots] SET [LastUpdatedAtUtc] = @p4, [ObservedAtUtc] = @p5, [WorkerLastHeartbeatAtUtc] = @p6
      OUTPUT 1
      WHERE [Id] = @p7;
      UPDATE [HealthSnapshots] SET [LastUpdatedAtUtc] = @p8, [ObservedAtUtc] = @p9, [WorkerLastHeartbeatAtUtc] = @p10
      OUTPUT 1
      WHERE [Id] = @p11;
      UPDATE [HealthSnapshots] SET [Detail] = @p12, [LastUpdatedAtUtc] = @p13, [ObservedAtUtc] = @p14, [WorkerLastHeartbeatAtUtc] = @p15
      OUTPUT 1
      WHERE [Id] = @p16;
info: Microsoft.EntityFrameworkCore.Database.Command[20101]
      Executed DbCommand (0ms) [Parameters=[@nowUtc='?' (DbType = DateTime2)], CommandType='Text', CommandTimeout='30']
      SELECT [a].[Id], [a].[AffectedSymbolsCsv], [a].[AffectedUsersCsv], [a].[ApprovalId], [a].[ConfidenceScore], [a].[CorrelationId], [a].[CreatedDate], [a].[ExpiresAtUtc], [a].[IsDeleted], [a].[Reason], [a].[ScopeKey], [a].[Status], [a].[SuggestedAction], [a].[UpdatedDate]
      FROM [AutonomyReviewQueue] AS [a]
      WHERE [a].[IsDeleted] = CAST(0 AS bit) AND [a].[Status] = N'Pending' AND [a].[ExpiresAtUtc] <= @nowUtc
info: Microsoft.EntityFrameworkCore.Database.Command[20101]
      Executed DbCommand (0ms) [Parameters=[@breakerKind='?' (Size = 64)], CommandType='Text', CommandTimeout='30']
      SELECT TOP(2) [d].[Id], [d].[BreakerKind], [d].[ConsecutiveFailureCount], [d].[CooldownUntilUtc], [d].[CorrelationId], [d].[CreatedDate], [d].[HalfOpenStartedAtUtc], [d].[IsDeleted], [d].[LastErrorCode], [d].[LastErrorMessage], [d].[LastFailureAtUtc], [d].[LastProbeAtUtc], [d].[LastSuccessAtUtc], [d].[StateCode], [d].[UpdatedDate]
      FROM [DependencyCircuitBreakerStates] AS [d]
      WHERE [d].[IsDeleted] = CAST(0 AS bit) AND [d].[BreakerKind] = @breakerKind
info: Microsoft.EntityFrameworkCore.Database.Command[20101]
      Executed DbCommand (0ms) [Parameters=[@breakerKind='?' (Size = 64)], CommandType='Text', CommandTimeout='30']
      SELECT TOP(2) [d].[Id], [d].[BreakerKind], [d].[ConsecutiveFailureCount], [d].[CooldownUntilUtc], [d].[CorrelationId], [d].[CreatedDate], [d].[HalfOpenStartedAtUtc], [d].[IsDeleted], [d].[LastErrorCode], [d].[LastErrorMessage], [d].[LastFailureAtUtc], [d].[LastProbeAtUtc], [d].[LastSuccessAtUtc], [d].[StateCode], [d].[UpdatedDate]
      FROM [DependencyCircuitBreakerStates] AS [d]
      WHERE [d].[IsDeleted] = CAST(0 AS bit) AND [d].[BreakerKind] = @breakerKind
info: Microsoft.EntityFrameworkCore.Database.Command[20101]
      Executed DbCommand (0ms) [Parameters=[@breakerKind='?' (Size = 64)], CommandType='Text', CommandTimeout='30']
      SELECT TOP(2) [d].[Id], [d].[BreakerKind], [d].[ConsecutiveFailureCount], [d].[CooldownUntilUtc], [d].[CorrelationId], [d].[CreatedDate], [d].[HalfOpenStartedAtUtc], [d].[IsDeleted], [d].[LastErrorCode], [d].[LastErrorMessage], [d].[LastFailureAtUtc], [d].[LastProbeAtUtc], [d].[LastSuccessAtUtc], [d].[StateCode], [d].[UpdatedDate]
      FROM [DependencyCircuitBreakerStates] AS [d]
      WHERE [d].[IsDeleted] = CAST(0 AS bit) AND [d].[BreakerKind] = @breakerKind
info: Microsoft.EntityFrameworkCore.Database.Command[20101]
      Executed DbCommand (0ms) [Parameters=[@breakerKind='?' (Size = 64)], CommandType='Text', CommandTimeout='30']
      SELECT TOP(2) [d].[Id], [d].[BreakerKind], [d].[ConsecutiveFailureCount], [d].[CooldownUntilUtc], [d].[CorrelationId], [d].[CreatedDate], [d].[HalfOpenStartedAtUtc], [d].[IsDeleted], [d].[LastErrorCode], [d].[LastErrorMessage], [d].[LastFailureAtUtc], [d].[LastProbeAtUtc], [d].[LastSuccessAtUtc], [d].[StateCode], [d].[UpdatedDate]
      FROM [DependencyCircuitBreakerStates] AS [d]
      WHERE [d].[IsDeleted] = CAST(0 AS bit) AND [d].[BreakerKind] = @breakerKind
info: Microsoft.EntityFrameworkCore.Database.Command[20101]
      Executed DbCommand (0ms) [Parameters=[], CommandType='Text', CommandTimeout='30']
      SELECT TOP(2) [d].[Id], [d].[CreatedDate], [d].[ExecutionFlowBlocked], [d].[IsDeleted], [d].[LastStateChangedAtUtc], [d].[LatestClockDriftMilliseconds], [d].[LatestDataTimestampAtUtc], [d].[LatestHeartbeatReceivedAtUtc], [d].[ReasonCode], [d].[SignalFlowBlocked], [d].[StateCode], [d].[UpdatedDate]
      FROM [DegradedModeStates] AS [d]
      WHERE [d].[Id] = '3e17e8ef-3a73-45cc-8c32-a11fa55178d7'
info: Microsoft.EntityFrameworkCore.Database.Command[20101]
      Executed DbCommand (0ms) [Parameters=[@candleInterval='?' (Size = 16), @recentWindowStartUtc='?' (DbType = DateTime2)], CommandType='Text', CommandTimeout='30']
      SELECT DISTINCT [h].[Symbol]
      FROM [HistoricalMarketCandles] AS [h]
      WHERE [h].[IsDeleted] = CAST(0 AS bit) AND [h].[Interval] = @candleInterval AND [h].[CloseTimeUtc] >= @recentWindowStartUtc
info: Microsoft.EntityFrameworkCore.Database.Command[20101]
      Executed DbCommand (0ms) [Parameters=[], CommandType='Text', CommandTimeout='30']
      SELECT TOP(2) [w].[Id], [w].[CircuitBreakerState], [w].[ConsecutiveFailureCount], [w].[Detail], [w].[FreshnessTier], [w].[HealthState], [w].[LastErrorCode], [w].[LastErrorMessage], [w].[LastHeartbeatAtUtc], [w].[LastUpdatedAtUtc], [w].[SnapshotAgeSeconds], [w].[WorkerKey], [w].[WorkerName]
      FROM [WorkerHeartbeats] AS [w]
      WHERE [w].[WorkerKey] = N'market-anomaly-engine'
info: Microsoft.EntityFrameworkCore.Database.Command[20101]
      Executed DbCommand (1ms) [Parameters=[@p2='?' (DbType = Guid), @p0='?' (DbType = DateTime2), @p1='?' (DbType = DateTime2)], CommandType='Text', CommandTimeout='30']
      SET IMPLICIT_TRANSACTIONS OFF;
      SET NOCOUNT ON;
      UPDATE [WorkerHeartbeats] SET [LastHeartbeatAtUtc] = @p0, [LastUpdatedAtUtc] = @p1
      OUTPUT 1
      WHERE [Id] = @p2;
info: CoinBot.Infrastructure.Autonomy.MarketAnomalyService[0]
      Market anomaly sweep completed. Candidates=0; Evaluated=0; PolicyUpdated=0; ReviewQueued=0; Protected=0; InsufficientData=0.
info: Microsoft.EntityFrameworkCore.Database.Command[20101]
      Executed DbCommand (0ms) [Parameters=[], CommandType='Text', CommandTimeout='30']
      SELECT 1
info: Microsoft.EntityFrameworkCore.Database.Command[20101]
      Executed DbCommand (0ms) [Parameters=[], CommandType='Text', CommandTimeout='30']
      SELECT TOP(2) [d].[Id], [d].[CreatedDate], [d].[ExecutionFlowBlocked], [d].[IsDeleted], [d].[LastStateChangedAtUtc], [d].[LatestClockDriftMilliseconds], [d].[LatestDataTimestampAtUtc], [d].[LatestHeartbeatReceivedAtUtc], [d].[ReasonCode], [d].[SignalFlowBlocked], [d].[StateCode], [d].[UpdatedDate]
      FROM [DegradedModeStates] AS [d]
      WHERE [d].[Id] = '3e17e8ef-3a73-45cc-8c32-a11fa55178d7'
info: System.Net.Http.HttpClient.IBinanceExchangeInfoClient.LogicalHandler[100]
      Start processing HTTP request GET https://fapi.binance.com/fapi/v1/time
info: System.Net.Http.HttpClient.IBinanceExchangeInfoClient.ClientHandler[100]
      Sending HTTP request GET https://fapi.binance.com/fapi/v1/time
warn: CoinBot.Infrastructure.Execution.VirtualExecutionWatchdogWorker[0]
      Virtual execution watchdog worker cycle failed.
      System.InvalidOperationException: The LINQ expression 'DbSet<ExecutionOrder>()
          .Where(e => !(e.IsDeleted) && (int)e.ExecutionEnvironment == 0 && (int)e.ExecutorKind == 1 && ((IReadOnlySet<ExecutionOrderState>)HashSet<ExecutionOrderState> { Submitted, PartiallyFilled }).Contains(e.State))' could not be translated. Additional information: Translation of method 'System.Collections.Generic.IReadOnlySet<CoinBot.Domain.Enums.ExecutionOrderState>.Contains' failed. If this method can be mapped to your custom function, see https://go.microsoft.com/fwlink/?linkid=2132413 for more information. Either rewrite the query in a form that can be translated, or switch to client evaluation explicitly by inserting a call to 'AsEnumerable', 'AsAsyncEnumerable', 'ToList', or 'ToListAsync'. See https://go.microsoft.com/fwlink/?linkid=2101038 for more information.
         at Microsoft.EntityFrameworkCore.Query.QueryableMethodTranslatingExpressionVisitor.Translate(Expression expression)
         at Microsoft.EntityFrameworkCore.Query.QueryCompilationContext.CreateQueryExecutorExpression[TResult](Expression query)
         at Microsoft.EntityFrameworkCore.Query.QueryCompilationContext.CreateQueryExecutor[TResult](Expression query)
         at Microsoft.EntityFrameworkCore.Storage.Database.CompileQuery[TResult](Expression query, Boolean async)
         at Microsoft.EntityFrameworkCore.Query.Internal.QueryCompiler.CompileQueryCore[TResult](IDatabase database, Expression query, IModel model, Boolean async)
         at Microsoft.EntityFrameworkCore.Query.Internal.QueryCompiler.<>c__DisplayClass11_0`1.<ExecuteCore>b__0()
         at Microsoft.EntityFrameworkCore.Query.Internal.CompiledQueryCache.GetOrAddQuery[TResult](Object cacheKey, Func`1 compiler)
         at Microsoft.EntityFrameworkCore.Query.Internal.QueryCompiler.ExecuteCore[TResult](Expression query, Boolean async, CancellationToken cancellationToken)
         at Microsoft.EntityFrameworkCore.Query.Internal.QueryCompiler.ExecuteAsync[TResult](Expression query, CancellationToken cancellationToken)
         at Microsoft.EntityFrameworkCore.Query.Internal.EntityQueryProvider.ExecuteAsync[TResult](Expression expression, CancellationToken cancellationToken)
         at Microsoft.EntityFrameworkCore.Query.Internal.EntityQueryable`1.GetAsyncEnumerator(CancellationToken cancellationToken)
         at System.Runtime.CompilerServices.ConfiguredCancelableAsyncEnumerable`1.GetAsyncEnumerator()
         at Microsoft.EntityFrameworkCore.EntityFrameworkQueryableExtensions.ToListAsync[TSource](IQueryable`1 source, CancellationToken cancellationToken)
         at CoinBot.Infrastructure.Execution.VirtualExecutionWatchdogService.RunOnceAsync(CancellationToken cancellationToken) in D:\CkBot\Code\CoinBot\src\CoinBot.Infrastructure\Execution\VirtualExecutionWatchdogService.cs:line 35
         at CoinBot.Infrastructure.Execution.VirtualExecutionWatchdogWorker.ExecuteAsync(CancellationToken stoppingToken) in D:\CkBot\Code\CoinBot\src\CoinBot.Infrastructure\Execution\VirtualExecutionWatchdogWorker.cs:line 27
info: System.Net.Http.HttpClient.IBinanceExchangeInfoClient.ClientHandler[101]
      Received HTTP response headers after 234.3709ms - 200
info: System.Net.Http.HttpClient.IBinanceExchangeInfoClient.LogicalHandler[101]
      End processing HTTP request after 234.4294ms - 200
info: Microsoft.EntityFrameworkCore.Database.Command[20101]
      Executed DbCommand (0ms) [Parameters=[@key='?' (Size = 128)], CommandType='Text', CommandTimeout='30']
      SELECT TOP(2) [h].[Id], [h].[BinancePingMs], [h].[CircuitBreakerState], [h].[ConsecutiveFailureCount], [h].[DbLatencyMs], [h].[Detail], [h].[DisplayName], [h].[FreshnessTier], [h].[HealthState], [h].[LastMessageAgeSeconds], [h].[LastUpdatedAtUtc], [h].[ObservedAtUtc], [h].[RateLimitUsage], [h].[ReconnectCount], [h].[RedisLatencyMs], [h].[SentinelName], [h].[SignalRActiveConnectionCount], [h].[SnapshotAgeSeconds], [h].[SnapshotKey], [h].[StreamGapCount], [h].[WebSocketStaleDurationSeconds], [h].[WorkerLastHeartbeatAtUtc]
      FROM [HealthSnapshots] AS [h]
      WHERE [h].[SnapshotKey] = @key
info: Microsoft.EntityFrameworkCore.Database.Command[20101]
      Executed DbCommand (0ms) [Parameters=[@key='?' (Size = 128)], CommandType='Text', CommandTimeout='30']
      SELECT TOP(2) [h].[Id], [h].[BinancePingMs], [h].[CircuitBreakerState], [h].[ConsecutiveFailureCount], [h].[DbLatencyMs], [h].[Detail], [h].[DisplayName], [h].[FreshnessTier], [h].[HealthState], [h].[LastMessageAgeSeconds], [h].[LastUpdatedAtUtc], [h].[ObservedAtUtc], [h].[RateLimitUsage], [h].[ReconnectCount], [h].[RedisLatencyMs], [h].[SentinelName], [h].[SignalRActiveConnectionCount], [h].[SnapshotAgeSeconds], [h].[SnapshotKey], [h].[StreamGapCount], [h].[WebSocketStaleDurationSeconds], [h].[WorkerLastHeartbeatAtUtc]
      FROM [HealthSnapshots] AS [h]
      WHERE [h].[SnapshotKey] = @key
info: Microsoft.EntityFrameworkCore.Database.Command[20101]
      Executed DbCommand (0ms) [Parameters=[@key='?' (Size = 128)], CommandType='Text', CommandTimeout='30']
      SELECT TOP(2) [h].[Id], [h].[BinancePingMs], [h].[CircuitBreakerState], [h].[ConsecutiveFailureCount], [h].[DbLatencyMs], [h].[Detail], [h].[DisplayName], [h].[FreshnessTier], [h].[HealthState], [h].[LastMessageAgeSeconds], [h].[LastUpdatedAtUtc], [h].[ObservedAtUtc], [h].[RateLimitUsage], [h].[ReconnectCount], [h].[RedisLatencyMs], [h].[SentinelName], [h].[SignalRActiveConnectionCount], [h].[SnapshotAgeSeconds], [h].[SnapshotKey], [h].[StreamGapCount], [h].[WebSocketStaleDurationSeconds], [h].[WorkerLastHeartbeatAtUtc]
      FROM [HealthSnapshots] AS [h]
      WHERE [h].[SnapshotKey] = @key
info: Microsoft.EntityFrameworkCore.Database.Command[20101]
      Executed DbCommand (0ms) [Parameters=[@key='?' (Size = 128)], CommandType='Text', CommandTimeout='30']
      SELECT TOP(2) [h].[Id], [h].[BinancePingMs], [h].[CircuitBreakerState], [h].[ConsecutiveFailureCount], [h].[DbLatencyMs], [h].[Detail], [h].[DisplayName], [h].[FreshnessTier], [h].[HealthState], [h].[LastMessageAgeSeconds], [h].[LastUpdatedAtUtc], [h].[ObservedAtUtc], [h].[RateLimitUsage], [h].[ReconnectCount], [h].[RedisLatencyMs], [h].[SentinelName], [h].[SignalRActiveConnectionCount], [h].[SnapshotAgeSeconds], [h].[SnapshotKey], [h].[StreamGapCount], [h].[WebSocketStaleDurationSeconds], [h].[WorkerLastHeartbeatAtUtc]
      FROM [HealthSnapshots] AS [h]
      WHERE [h].[SnapshotKey] = @key
info: Microsoft.EntityFrameworkCore.Database.Command[20101]
      Executed DbCommand (0ms) [Parameters=[@p3='?' (DbType = Guid), @p0='?' (DbType = DateTime2), @p1='?' (DbType = DateTime2), @p2='?' (DbType = DateTime2), @p7='?' (DbType = Guid), @p4='?' (DbType = DateTime2), @p5='?' (DbType = DateTime2), @p6='?' (DbType = DateTime2), @p11='?' (DbType = Guid), @p8='?' (DbType = DateTime2), @p9='?' (DbType = DateTime2), @p10='?' (DbType = DateTime2), @p16='?' (DbType = Guid), @p12='?' (Size = 2048), @p13='?' (DbType = DateTime2), @p14='?' (DbType = DateTime2), @p15='?' (DbType = DateTime2)], CommandType='Text', CommandTimeout='30']
      SET NOCOUNT ON;
      UPDATE [HealthSnapshots] SET [LastUpdatedAtUtc] = @p0, [ObservedAtUtc] = @p1, [WorkerLastHeartbeatAtUtc] = @p2
      OUTPUT 1
      WHERE [Id] = @p3;
      UPDATE [HealthSnapshots] SET [LastUpdatedAtUtc] = @p4, [ObservedAtUtc] = @p5, [WorkerLastHeartbeatAtUtc] = @p6
      OUTPUT 1
      WHERE [Id] = @p7;
      UPDATE [HealthSnapshots] SET [LastUpdatedAtUtc] = @p8, [ObservedAtUtc] = @p9, [WorkerLastHeartbeatAtUtc] = @p10
      OUTPUT 1
      WHERE [Id] = @p11;
      UPDATE [HealthSnapshots] SET [Detail] = @p12, [LastUpdatedAtUtc] = @p13, [ObservedAtUtc] = @p14, [WorkerLastHeartbeatAtUtc] = @p15
      OUTPUT 1
      WHERE [Id] = @p16;
