2026-04-02 18:06:01.522: [INFO] VisibilityChanged: 0
2026-04-02 18:06:01.620: [INFO] RecordSyncInitDuration has_sync_been_enabled: 0 state: 0
2026-04-02 18:06:01.621: [INFO] RecordSyncInitDuration has_sync_been_enabled: 0 state: 0
2026-04-02 18:06:01.621: [INFO] RecordSyncInitDuration has_sync_been_enabled: 0 state: 0
2026-04-02 18:06:01.622: [INFO] RecordSyncInitDuration has_sync_been_enabled: 0 state: 0
2026-04-02 18:06:01.622: [INFO] RecordSyncInitDuration has_sync_been_enabled: 0 state: 0
2026-04-02 18:06:01.623: [INFO] RecordSyncInitDuration has_sync_been_enabled: 0 state: 0
2026-04-02 18:06:01.623: [INFO] RecordSyncInitDuration has_sync_been_enabled: 0 state: 0
2026-04-02 18:06:01.624: [INFO] RecordSyncInitDuration has_sync_been_enabled: 0 state: 0
2026-04-02 18:06:01.625: [INFO] RecordSyncInitDuration has_sync_been_enabled: 0 state: 0
2026-04-02 18:06:01.625: [INFO] RecordSyncInitDuration has_sync_been_enabled: 0 state: 0
2026-04-02 18:06:01.626: [INFO] RecordSyncInitDuration has_sync_been_enabled: 0 state: 0
2026-04-02 18:06:01.626: [INFO] RecordSyncInitDuration has_sync_been_enabled: 0 state: 0
2026-04-02 18:06:01.631: [INFO] BookmarkModelLoaded, ids_reassigned: 0
2026-04-02 18:06:01.631: [INFO] OnDoneLoading sync enabled: 0
2026-04-02 18:06:01.688: [INFO] RecordSyncInitDuration has_sync_been_enabled: 0 state: 0
2026-04-02 18:06:02.160: [INFO] RecordSyncInitDuration has_sync_been_enabled: 0 state: 3
2026-04-02 18:06:02.162: [INFO] Primary account changed.
2026-04-02 18:06:02.162: [INFO] OnPrimaryAccountChanged PrimaryAccountChangeEvent::Type::kSet
2026-04-02 18:06:02.166: [INFO] RecordSyncInitDuration has_sync_been_enabled: 0 state: 3
2026-04-02 18:06:02.187: [INFO] RecordSyncInitDuration has_sync_been_enabled: 0 state: 3
2026-04-02 18:06:05.294: [INFO] BookmarkNodeAdded, ABU: 0
2026-04-02 18:06:05.294: [INFO] BookmarkNodeAdded, ABU: 0
2026-04-02 18:06:05.295: [INFO] BookmarkNodeAdded, ABU: 0
2026-04-02 18:06:05.296: [INFO] BookmarkNodeAdded, ABU: 0
2026-04-02 18:06:05.296: [INFO] BookmarkNodeAdded, ABU: 0
2026-04-02 18:06:05.297: [INFO] BookmarkNodeAdded, ABU: 0
2026-04-02 18:06:05.298: [INFO] BookmarkNodeAdded, ABU: 0
2026-04-02 18:06:05.299: [INFO] BookmarkNodeAdded, ABU: 0
2026-04-02 18:06:05.299: [INFO] BookmarkNodeAdded, ABU: 0
2026-04-02 18:06:05.300: [INFO] BookmarkNodeAdded, ABU: 0
2026-04-02 18:06:05.301: [INFO] BookmarkNodeAdded, ABU: 0
2026-04-02 18:06:05.301: [INFO] BookmarkNodeAdded, ABU: 0
2026-04-02 18:06:05.302: [INFO] BookmarkNodeAdded, ABU: 0
2026-04-02 18:06:05.303: [INFO] BookmarkNodeAdded, ABU: 0
2026-04-02 18:06:05.303: [INFO] BookmarkNodeAdded, ABU: 0
2026-04-02 18:06:05.304: [INFO] BookmarkNodeAdded, ABU: 0
2026-04-02 18:06:05.305: [INFO] BookmarkNodeAdded, ABU: 0
2026-04-02 18:06:05.305: [INFO] BookmarkNodeAdded, ABU: 0
2026-04-02 18:06:05.306: [INFO] BookmarkNodeAdded, ABU: 0
2026-04-02 18:06:05.307: [INFO] BookmarkNodeAdded, ABU: 0
2026-04-02 18:06:05.308: [INFO] BookmarkNodeAdded, ABU: 0
2026-04-02 18:06:05.308: [INFO] BookmarkNodeAdded, ABU: 0
2026-04-02 18:06:05.309: [INFO] BookmarkNodeAdded, ABU: 0
2026-04-02 18:06:05.309: [INFO] BookmarkNodeAdded, ABU: 0
2026-04-02 18:06:05.310: [INFO] BookmarkNodeAdded, ABU: 0
2026-04-02 18:06:05.311: [INFO] BookmarkNodeAdded, ABU: 0
2026-04-02 18:06:05.311: [INFO] BookmarkNodeAdded, ABU: 0
2026-04-02 18:06:05.312: [INFO] BookmarkNodeAdded, ABU: 0
2026-04-02 18:06:05.312: [INFO] BookmarkNodeAdded, ABU: 0
2026-04-02 18:06:05.313: [INFO] BookmarkNodeAdded, ABU: 0
2026-04-02 18:06:05.313: [INFO] BookmarkNodeAdded, ABU: 0
2026-04-02 18:06:05.314: [INFO] BookmarkNodeAdded, ABU: 0
2026-04-02 18:06:05.314: [INFO] BookmarkNodeAdded, ABU: 0
2026-04-02 18:06:05.314: [INFO] BookmarkNodeAdded, ABU: 0
2026-04-02 18:06:05.315: [INFO] BookmarkNodeAdded, ABU: 0
2026-04-02 18:06:05.316: [INFO] BookmarkNodeAdded, ABU: 0
2026-04-02 18:06:05.317: [INFO] BookmarkNodeAdded, ABU: 0
2026-04-02 18:06:05.317: [INFO] BookmarkNodeAdded, ABU: 0
2026-04-02 18:06:05.318: [INFO] BookmarkNodeAdded, ABU: 0
2026-04-02 18:06:05.319: [INFO] BookmarkNodeAdded, ABU: 0
2026-04-02 18:06:05.320: [INFO] BookmarkNodeAdded, ABU: 0
2026-04-02 18:06:05.320: [INFO] BookmarkNodeAdded, ABU: 0
2026-04-02 18:06:05.321: [INFO] BookmarkNodeAdded, ABU: 0
2026-04-02 18:06:05.321: [INFO] BookmarkNodeAdded, ABU: 0
2026-04-02 18:06:05.322: [INFO] BookmarkNodeAdded, ABU: 0
2026-04-02 18:06:05.323: [INFO] BookmarkNodeAdded, ABU: 0
2026-04-02 18:06:05.323: [INFO] BookmarkNodeAdded, ABU: 0
2026-04-02 18:06:05.324: [INFO] BookmarkNodeAdded, ABU: 0
2026-04-02 18:06:05.325: [INFO] BookmarkNodeAdded, ABU: 0
2026-04-02 18:06:05.326: [INFO] BookmarkNodeAdded, ABU: 0
2026-04-02 18:06:05.327: [INFO] BookmarkNodeAdded, ABU: 0
2026-04-02 18:06:05.328: [INFO] BookmarkNodeAdded, ABU: 0
2026-04-02 18:06:05.328: [INFO] BookmarkNodeAdded, ABU: 0
2026-04-02 18:06:05.329: [INFO] BookmarkNodeAdded, ABU: 0
2026-04-02 18:06:05.329: [INFO] BookmarkNodeAdded, ABU: 0
2026-04-02 18:06:05.330: [INFO] BookmarkNodeAdded, ABU: 0
2026-04-02 18:06:05.330: [INFO] BookmarkNodeAdded, ABU: 0
2026-04-02 18:06:05.331: [INFO] BookmarkNodeAdded, ABU: 0
2026-04-02 18:06:05.332: [INFO] BookmarkNodeAdded, ABU: 0
2026-04-02 18:06:05.332: [INFO] BookmarkNodeAdded, ABU: 0
2026-04-02 18:06:05.333: [INFO] BookmarkNodeAdded, ABU: 0
2026-04-02 18:06:05.333: [INFO] BookmarkNodeAdded, ABU: 0
2026-04-02 18:06:05.334: [INFO] BookmarkNodeAdded, ABU: 0
2026-04-02 18:06:05.335: [INFO] BookmarkNodeAdded, ABU: 0
2026-04-02 18:06:05.335: [INFO] BookmarkNodeAdded, ABU: 0
2026-04-02 18:06:05.336: [INFO] BookmarkNodeAdded, ABU: 0
2026-04-02 18:06:05.336: [INFO] BookmarkNodeAdded, ABU: 0
2026-04-02 18:06:05.337: [INFO] BookmarkNodeAdded, ABU: 0
2026-04-02 18:06:05.337: [INFO] BookmarkNodeAdded, ABU: 0
2026-04-02 18:06:05.338: [INFO] BookmarkNodeAdded, ABU: 0
2026-04-02 18:06:05.338: [INFO] BookmarkNodeAdded, ABU: 0
2026-04-02 18:06:05.339: [INFO] BookmarkNodeAdded, ABU: 0
2026-04-02 18:06:05.339: [INFO] BookmarkNodeAdded, ABU: 0
2026-04-02 18:06:05.340: [INFO] BookmarkNodeAdded, ABU: 0
2026-04-02 18:06:05.341: [INFO] BookmarkNodeAdded, ABU: 0
2026-04-02 18:06:05.341: [INFO] BookmarkNodeAdded, ABU: 0
2026-04-02 18:06:05.342: [INFO] BookmarkNodeAdded, ABU: 0
2026-04-02 18:06:05.343: [INFO] BookmarkNodeAdded, ABU: 0
2026-04-02 18:06:05.343: [INFO] BookmarkNodeAdded, ABU: 0
2026-04-02 18:06:05.344: [INFO] BookmarkNodeAdded, ABU: 0
2026-04-02 18:06:05.345: [INFO] BookmarkNodeAdded, ABU: 0
2026-04-02 18:06:05.345: [INFO] BookmarkNodeAdded, ABU: 0
2026-04-02 18:06:05.346: [INFO] BookmarkNodeAdded, ABU: 0
2026-04-02 18:06:05.346: [INFO] BookmarkNodeAdded, ABU: 0
2026-04-02 18:06:05.347: [INFO] BookmarkNodeAdded, ABU: 0
2026-04-02 18:06:05.347: [INFO] BookmarkNodeAdded, ABU: 0
2026-04-02 18:06:05.348: [INFO] BookmarkNodeAdded, ABU: 0
2026-04-02 18:06:05.348: [INFO] BookmarkNodeAdded, ABU: 0
2026-04-02 18:06:05.349: [INFO] BookmarkNodeAdded, ABU: 0
2026-04-02 18:06:05.349: [INFO] BookmarkNodeAdded, ABU: 0
2026-04-02 18:06:05.350: [INFO] BookmarkNodeAdded, ABU: 0
2026-04-02 18:06:05.351: [INFO] BookmarkNodeAdded, ABU: 0
2026-04-02 18:06:05.351: [INFO] BookmarkNodeAdded, ABU: 0
2026-04-02 18:06:05.352: [INFO] BookmarkNodeAdded, ABU: 0
2026-04-02 18:06:05.353: [INFO] BookmarkNodeAdded, ABU: 0
2026-04-02 18:06:05.353: [INFO] BookmarkNodeAdded, ABU: 0
2026-04-02 18:06:05.354: [INFO] BookmarkNodeAdded, ABU: 0
2026-04-02 18:06:05.355: [INFO] BookmarkNodeAdded, ABU: 0
2026-04-02 18:06:05.355: [INFO] BookmarkNodeAdded, ABU: 0
2026-04-02 18:06:05.356: [INFO] BookmarkNodeAdded, ABU: 0
2026-04-02 18:06:05.356: [INFO] BookmarkNodeAdded, ABU: 0
2026-04-02 18:06:05.357: [INFO] BookmarkNodeAdded, ABU: 0
2026-04-02 18:06:05.357: [INFO] BookmarkNodeAdded, ABU: 0
2026-04-02 18:06:05.358: [INFO] BookmarkNodeAdded, ABU: 0
2026-04-02 18:06:05.359: [INFO] BookmarkNodeAdded, ABU: 0
2026-04-02 18:06:05.359: [INFO] BookmarkNodeAdded, ABU: 0
2026-04-02 18:06:05.360: [INFO] BookmarkNodeAdded, ABU: 0
2026-04-02 18:06:05.361: [INFO] BookmarkNodeAdded, ABU: 0
2026-04-02 18:06:05.361: [INFO] BookmarkNodeAdded, ABU: 0
2026-04-02 18:06:05.362: [INFO] BookmarkNodeAdded, ABU: 0
2026-04-02 18:06:05.363: [INFO] BookmarkNodeAdded, ABU: 0
2026-04-02 18:06:05.364: [INFO] BookmarkNodeAdded, ABU: 0
2026-04-02 18:06:05.364: [INFO] BookmarkNodeAdded, ABU: 0
2026-04-02 18:06:05.365: [INFO] BookmarkNodeAdded, ABU: 0
2026-04-02 18:06:05.366: [INFO] BookmarkNodeAdded, ABU: 0
2026-04-02 18:06:05.366: [INFO] BookmarkNodeAdded, ABU: 0
2026-04-02 18:06:05.367: [INFO] BookmarkNodeAdded, ABU: 0
2026-04-02 18:06:05.368: [INFO] BookmarkNodeAdded, ABU: 0
2026-04-02 18:06:05.368: [INFO] BookmarkNodeAdded, ABU: 0
2026-04-02 18:06:05.369: [INFO] BookmarkNodeAdded, ABU: 0
2026-04-02 18:06:05.370: [INFO] BookmarkNodeAdded, ABU: 0
2026-04-02 18:06:05.370: [INFO] BookmarkNodeAdded, ABU: 0
2026-04-02 18:06:05.371: [INFO] BookmarkNodeAdded, ABU: 0
2026-04-02 18:06:05.372: [INFO] BookmarkNodeAdded, ABU: 0
2026-04-02 18:06:05.372: [INFO] BookmarkNodeAdded, ABU: 0
2026-04-02 18:06:05.373: [INFO] BookmarkNodeAdded, ABU: 0
2026-04-02 18:06:05.374: [INFO] BookmarkNodeAdded, ABU: 0
2026-04-02 18:06:05.374: [INFO] BookmarkNodeAdded, ABU: 0
2026-04-02 18:06:05.375: [INFO] BookmarkNodeAdded, ABU: 0
2026-04-02 18:06:05.376: [INFO] BookmarkNodeAdded, ABU: 0
2026-04-02 18:06:05.377: [INFO] BookmarkNodeAdded, ABU: 0
2026-04-02 18:06:05.377: [INFO] BookmarkNodeAdded, ABU: 0
2026-04-02 18:06:05.378: [INFO] BookmarkNodeAdded, ABU: 0
2026-04-02 18:06:05.378: [INFO] BookmarkNodeAdded, ABU: 0
2026-04-02 18:06:05.379: [INFO] BookmarkNodeAdded, ABU: 0
2026-04-02 18:06:05.379: [INFO] BookmarkNodeAdded, ABU: 0
2026-04-02 18:06:05.380: [INFO] BookmarkNodeAdded, ABU: 0
2026-04-02 18:06:05.380: [INFO] BookmarkNodeAdded, ABU: 0
2026-04-02 18:06:05.381: [INFO] BookmarkNodeAdded, ABU: 0
2026-04-02 18:06:05.382: [INFO] BookmarkNodeAdded, ABU: 0
2026-04-02 18:06:05.382: [INFO] BookmarkNodeAdded, ABU: 0
2026-04-02 18:06:05.383: [INFO] BookmarkNodeAdded, ABU: 0
2026-04-02 18:06:05.383: [INFO] BookmarkNodeAdded, ABU: 0
2026-04-02 18:06:05.384: [INFO] BookmarkNodeAdded, ABU: 0
2026-04-02 18:06:05.384: [INFO] BookmarkNodeAdded, ABU: 0
2026-04-02 18:06:05.385: [INFO] BookmarkNodeAdded, ABU: 0
2026-04-02 18:06:05.386: [INFO] BookmarkNodeAdded, ABU: 0
2026-04-02 18:06:05.386: [INFO] BookmarkNodeAdded, ABU: 0
2026-04-02 18:06:05.387: [INFO] BookmarkNodeAdded, ABU: 0
2026-04-02 18:06:05.388: [INFO] BookmarkNodeAdded, ABU: 0
2026-04-02 18:06:05.388: [INFO] BookmarkNodeAdded, ABU: 0
2026-04-02 18:06:05.389: [INFO] BookmarkNodeAdded, ABU: 0
2026-04-02 18:06:05.389: [INFO] BookmarkNodeAdded, ABU: 0
2026-04-02 18:06:05.390: [INFO] BookmarkNodeAdded, ABU: 0
2026-04-02 18:06:05.390: [INFO] BookmarkNodeAdded, ABU: 0
2026-04-02 18:06:05.391: [INFO] BookmarkNodeAdded, ABU: 0
2026-04-02 18:06:05.392: [INFO] BookmarkNodeAdded, ABU: 0
2026-04-02 18:06:05.393: [INFO] BookmarkNodeAdded, ABU: 0
2026-04-02 18:06:05.393: [INFO] BookmarkNodeAdded, ABU: 0
2026-04-02 18:06:05.394: [INFO] BookmarkNodeAdded, ABU: 0
2026-04-02 18:06:05.394: [INFO] BookmarkNodeAdded, ABU: 0
2026-04-02 18:06:05.395: [INFO] BookmarkNodeAdded, ABU: 0
2026-04-02 18:06:05.395: [INFO] BookmarkNodeAdded, ABU: 0
2026-04-02 18:06:05.396: [INFO] BookmarkNodeAdded, ABU: 0
2026-04-02 18:06:05.397: [INFO] BookmarkNodeAdded, ABU: 0
2026-04-02 18:06:05.397: [INFO] BookmarkNodeAdded, ABU: 0
2026-04-02 18:06:05.398: [INFO] BookmarkNodeAdded, ABU: 0
2026-04-02 18:06:05.398: [INFO] BookmarkNodeAdded, ABU: 0
2026-04-02 18:06:05.399: [INFO] BookmarkNodeAdded, ABU: 0
2026-04-02 18:06:05.400: [INFO] BookmarkNodeAdded, ABU: 0
2026-04-02 18:06:05.400: [INFO] BookmarkNodeAdded, ABU: 0
2026-04-02 18:06:05.401: [INFO] BookmarkNodeAdded, ABU: 0
2026-04-02 18:06:05.401: [INFO] BookmarkNodeAdded, ABU: 0
2026-04-02 18:06:05.402: [INFO] BookmarkNodeAdded, ABU: 0
2026-04-02 18:06:05.403: [INFO] BookmarkNodeAdded, ABU: 0
2026-04-02 18:06:05.403: [INFO] BookmarkNodeAdded, ABU: 0
2026-04-02 18:06:05.404: [INFO] BookmarkNodeAdded, ABU: 0
2026-04-02 18:06:05.404: [INFO] BookmarkNodeAdded, ABU: 0
2026-04-02 18:06:05.405: [INFO] BookmarkNodeAdded, ABU: 0
2026-04-02 18:06:05.405: [INFO] BookmarkNodeAdded, ABU: 0
2026-04-02 18:06:05.406: [INFO] BookmarkNodeAdded, ABU: 0
2026-04-02 18:06:05.407: [INFO] BookmarkNodeAdded, ABU: 0
2026-04-02 18:06:05.407: [INFO] BookmarkNodeAdded, ABU: 0
2026-04-02 18:06:05.408: [INFO] BookmarkNodeAdded, ABU: 0
2026-04-02 18:06:05.408: [INFO] BookmarkNodeAdded, ABU: 0
2026-04-02 18:06:05.409: [INFO] BookmarkNodeAdded, ABU: 0
2026-04-02 18:06:05.409: [INFO] BookmarkNodeAdded, ABU: 0
2026-04-02 18:06:05.410: [INFO] BookmarkNodeAdded, ABU: 0
2026-04-02 18:06:05.410: [INFO] BookmarkNodeAdded, ABU: 0
2026-04-02 18:06:05.411: [INFO] BookmarkNodeAdded, ABU: 0
2026-04-02 18:06:05.411: [INFO] BookmarkNodeAdded, ABU: 0
2026-04-02 18:06:05.412: [INFO] BookmarkNodeAdded, ABU: 0
2026-04-02 18:06:05.413: [INFO] BookmarkNodeAdded, ABU: 0
2026-04-02 18:06:05.413: [INFO] BookmarkNodeAdded, ABU: 0
2026-04-02 18:06:05.414: [INFO] BookmarkNodeAdded, ABU: 0
2026-04-02 18:06:05.414: [INFO] BookmarkNodeAdded, ABU: 0
2026-04-02 18:06:05.415: [INFO] BookmarkNodeAdded, ABU: 0
2026-04-02 18:06:05.415: [INFO] BookmarkNodeAdded, ABU: 0
2026-04-02 18:06:05.416: [INFO] BookmarkNodeAdded, ABU: 0
2026-04-02 18:06:05.417: [INFO] BookmarkNodeAdded, ABU: 0
2026-04-02 18:06:05.417: [INFO] BookmarkNodeAdded, ABU: 0
2026-04-02 18:06:05.418: [INFO] BookmarkNodeAdded, ABU: 0
2026-04-02 18:06:05.418: [INFO] BookmarkNodeAdded, ABU: 0
2026-04-02 18:06:05.419: [INFO] BookmarkNodeAdded, ABU: 0
2026-04-02 18:06:05.419: [INFO] BookmarkNodeAdded, ABU: 0
2026-04-02 18:06:05.420: [INFO] BookmarkNodeAdded, ABU: 0
2026-04-02 18:06:05.420: [INFO] BookmarkNodeAdded, ABU: 0
2026-04-02 18:06:05.420: [INFO] BookmarkNodeAdded, ABU: 0
2026-04-02 18:06:05.421: [INFO] BookmarkNodeAdded, ABU: 0
2026-04-02 18:06:05.421: [INFO] BookmarkNodeAdded, ABU: 0
2026-04-02 18:06:05.422: [INFO] BookmarkNodeAdded, ABU: 0
2026-04-02 18:06:05.422: [INFO] BookmarkNodeAdded, ABU: 0
2026-04-02 18:06:05.423: [INFO] BookmarkNodeAdded, ABU: 0
2026-04-02 18:06:05.424: [INFO] BookmarkNodeAdded, ABU: 0
2026-04-02 18:06:05.424: [INFO] BookmarkNodeAdded, ABU: 0
2026-04-02 18:06:05.425: [INFO] BookmarkNodeAdded, ABU: 0
2026-04-02 18:06:05.425: [INFO] BookmarkNodeAdded, ABU: 0
2026-04-02 18:06:05.426: [INFO] BookmarkNodeAdded, ABU: 0
2026-04-02 18:06:05.427: [INFO] BookmarkNodeAdded, ABU: 0
2026-04-02 18:06:05.427: [INFO] BookmarkNodeAdded, ABU: 0
2026-04-02 18:06:05.428: [INFO] BookmarkNodeAdded, ABU: 0
2026-04-02 18:06:05.429: [INFO] BookmarkNodeAdded, ABU: 0
2026-04-02 18:06:05.429: [INFO] BookmarkNodeAdded, ABU: 0
2026-04-02 18:06:05.430: [INFO] BookmarkNodeAdded, ABU: 0
2026-04-02 18:06:05.431: [INFO] BookmarkNodeAdded, ABU: 0
2026-04-02 18:06:05.432: [INFO] BookmarkNodeAdded, ABU: 0
2026-04-02 18:06:05.432: [INFO] BookmarkNodeAdded, ABU: 0
2026-04-02 18:06:05.433: [INFO] BookmarkNodeAdded, ABU: 0
2026-04-02 18:06:05.434: [INFO] BookmarkNodeAdded, ABU: 0
2026-04-02 18:06:05.434: [INFO] BookmarkNodeAdded, ABU: 0
2026-04-02 18:06:05.435: [INFO] BookmarkNodeAdded, ABU: 0
2026-04-02 18:06:05.436: [INFO] BookmarkNodeAdded, ABU: 0
2026-04-02 18:06:05.436: [INFO] BookmarkNodeAdded, ABU: 0
2026-04-02 18:06:05.437: [INFO] BookmarkNodeAdded, ABU: 0
2026-04-02 18:06:05.437: [INFO] BookmarkNodeAdded, ABU: 0
2026-04-02 18:06:05.438: [INFO] BookmarkNodeAdded, ABU: 0
2026-04-02 18:06:05.438: [INFO] BookmarkNodeAdded, ABU: 0
2026-04-02 18:06:05.439: [INFO] BookmarkNodeAdded, ABU: 0
2026-04-02 18:06:05.439: [INFO] BookmarkNodeAdded, ABU: 0
2026-04-02 18:06:05.440: [INFO] BookmarkNodeAdded, ABU: 0
2026-04-02 18:06:05.440: [INFO] BookmarkNodeAdded, ABU: 0
2026-04-02 18:06:05.441: [INFO] BookmarkNodeAdded, ABU: 0
2026-04-02 18:06:05.441: [INFO] BookmarkNodeAdded, ABU: 0
2026-04-02 18:06:05.442: [INFO] BookmarkNodeAdded, ABU: 0
2026-04-02 18:06:05.443: [INFO] BookmarkNodeAdded, ABU: 0
2026-04-02 18:06:05.443: [INFO] BookmarkNodeAdded, ABU: 0
2026-04-02 18:06:05.444: [INFO] BookmarkNodeAdded, ABU: 0
2026-04-02 18:06:05.444: [INFO] BookmarkNodeAdded, ABU: 0
2026-04-02 18:06:05.445: [INFO] BookmarkNodeAdded, ABU: 0
2026-04-02 18:06:05.445: [INFO] BookmarkNodeAdded, ABU: 0
2026-04-02 18:06:05.446: [INFO] BookmarkNodeAdded, ABU: 0
2026-04-02 18:06:05.447: [INFO] BookmarkNodeAdded, ABU: 0
2026-04-02 18:06:05.447: [INFO] BookmarkNodeAdded, ABU: 0
2026-04-02 18:06:05.448: [INFO] BookmarkNodeAdded, ABU: 0
2026-04-02 18:06:05.448: [INFO] BookmarkNodeAdded, ABU: 0
2026-04-02 18:06:05.449: [INFO] BookmarkNodeAdded, ABU: 0
2026-04-02 18:06:05.449: [INFO] BookmarkNodeAdded, ABU: 0
2026-04-02 18:06:05.450: [INFO] BookmarkNodeAdded, ABU: 0
2026-04-02 18:06:05.450: [INFO] BookmarkNodeAdded, ABU: 0
2026-04-02 18:06:05.451: [INFO] BookmarkNodeAdded, ABU: 0
2026-04-02 18:06:05.452: [INFO] BookmarkNodeAdded, ABU: 0
2026-04-02 18:06:05.452: [INFO] BookmarkNodeAdded, ABU: 0
2026-04-02 18:06:05.453: [INFO] BookmarkNodeAdded, ABU: 0
2026-04-02 18:06:05.453: [INFO] BookmarkNodeAdded, ABU: 0
2026-04-02 18:06:05.454: [INFO] BookmarkNodeAdded, ABU: 0
2026-04-02 18:06:05.454: [INFO] BookmarkNodeAdded, ABU: 0
2026-04-02 18:06:05.455: [INFO] BookmarkNodeAdded, ABU: 0
2026-04-02 18:06:05.455: [INFO] BookmarkNodeAdded, ABU: 0
2026-04-02 18:06:05.456: [INFO] BookmarkNodeAdded, ABU: 0
2026-04-02 18:06:05.456: [INFO] BookmarkNodeAdded, ABU: 0
2026-04-02 18:06:05.457: [INFO] BookmarkNodeAdded, ABU: 0
2026-04-02 18:06:05.457: [INFO] BookmarkNodeAdded, ABU: 0
2026-04-02 18:06:05.458: [INFO] BookmarkNodeAdded, ABU: 0
2026-04-02 18:06:05.458: [INFO] BookmarkNodeAdded, ABU: 0
2026-04-02 18:06:05.459: [INFO] BookmarkNodeAdded, ABU: 0
2026-04-02 18:06:05.459: [INFO] BookmarkNodeAdded, ABU: 0
2026-04-02 18:06:05.460: [INFO] BookmarkNodeAdded, ABU: 0
2026-04-02 18:06:05.461: [INFO] BookmarkNodeAdded, ABU: 0
2026-04-02 18:06:05.461: [INFO] BookmarkNodeAdded, ABU: 0
2026-04-02 18:06:05.462: [INFO] BookmarkNodeAdded, ABU: 0
2026-04-02 18:06:05.463: [INFO] BookmarkNodeAdded, ABU: 0
2026-04-02 18:06:05.464: [INFO] BookmarkNodeAdded, ABU: 0
2026-04-02 18:06:05.464: [INFO] BookmarkNodeAdded, ABU: 0
2026-04-02 18:06:05.465: [INFO] BookmarkNodeAdded, ABU: 0
