2026-04-02 16:14:27.348: [INFO] VisibilityChanged: 0
2026-04-02 16:14:27.442: [INFO] RecordSyncInitDuration has_sync_been_enabled: 0 state: 0
2026-04-02 16:14:27.443: [INFO] RecordSyncInitDuration has_sync_been_enabled: 0 state: 0
2026-04-02 16:14:27.443: [INFO] RecordSyncInitDuration has_sync_been_enabled: 0 state: 0
2026-04-02 16:14:27.444: [INFO] RecordSyncInitDuration has_sync_been_enabled: 0 state: 0
2026-04-02 16:14:27.444: [INFO] RecordSyncInitDuration has_sync_been_enabled: 0 state: 0
2026-04-02 16:14:27.445: [INFO] RecordSyncInitDuration has_sync_been_enabled: 0 state: 0
2026-04-02 16:14:27.447: [INFO] RecordSyncInitDuration has_sync_been_enabled: 0 state: 0
2026-04-02 16:14:27.448: [INFO] RecordSyncInitDuration has_sync_been_enabled: 0 state: 0
2026-04-02 16:14:27.448: [INFO] RecordSyncInitDuration has_sync_been_enabled: 0 state: 0
2026-04-02 16:14:27.449: [INFO] RecordSyncInitDuration has_sync_been_enabled: 0 state: 0
2026-04-02 16:14:27.449: [INFO] RecordSyncInitDuration has_sync_been_enabled: 0 state: 0
2026-04-02 16:14:27.450: [INFO] RecordSyncInitDuration has_sync_been_enabled: 0 state: 0
2026-04-02 16:14:27.455: [INFO] BookmarkModelLoaded, ids_reassigned: 0
2026-04-02 16:14:27.455: [INFO] OnDoneLoading sync enabled: 0
2026-04-02 16:14:27.508: [INFO] RecordSyncInitDuration has_sync_been_enabled: 0 state: 0
2026-04-02 16:14:28.722: [INFO] RecordSyncInitDuration has_sync_been_enabled: 0 state: 3
2026-04-02 16:14:28.723: [INFO] Primary account changed.
2026-04-02 16:14:28.723: [INFO] OnPrimaryAccountChanged PrimaryAccountChangeEvent::Type::kSet
2026-04-02 16:14:28.726: [INFO] RecordSyncInitDuration has_sync_been_enabled: 0 state: 3
2026-04-02 16:14:28.739: [INFO] RecordSyncInitDuration has_sync_been_enabled: 0 state: 3
