{"logTime": "0403/001748", "correlationVector":"8v4MuDtOAnesrdcDInPbc5.1","action":"SyncServerConnectionManagerRequest", "result":"SYNC_SERVER_OK", "context":{"environment":"Prod_germanywestcentral_prod-s01-010-eur-germanywestcentral", "migrationStage":"NotStarted", "server":"akswtt000000006"}}
{"logTime": "0403/001748", "correlationVector":"8v4MuDtOAnesrdcDInPbc5.2","action":"ProcessGetUpdates", "result":"Done", "context":{"dataType":"Encryption Keys", "deleted":"0", "process_failed_to_decrypt":"0", "process_pending_decryption":"0", "process_success":"1", "total":"1"}}
{"logTime": "0403/001749", "correlationVector":"j8hy5fm04DdpyAJSKltLKV","action":"SyncServerConnectionManagerRequest", "result":"SYNC_SERVER_OK", "context":{"environment":"", "migrationStage":"", "server":""}}
{"logTime": "0403/001749", "correlationVector":"j8hy5fm04DdpyAJSKltLKV.0","action":"EncryptionKeysFetcher.DownloadKeys:", "result":"Success", "context":Key count: 10, Last key timestamp: 2026-01-29T11:52:16Z}
{"logTime": "0403/001749", "correlationVector":"j8hy5fm04DdpyAJSKltLKV.1","action":"EncryptionKeysManager::SetEncryptionKeys:", "result":"Success", "context":Key names[10]:[fF7OGl8b99xAuC9VavA2urdTxNa5W1dCB02zMthHgKuxhbg/UwfljTppmnAJC1AfZBTxZNFNmOl4hjoP5YIxbg==][LEl/1bGnUgSfLLVcCJzCoUmTWZd+w6P3gNfR/4A0CMlTjFiN5E1zbDt1b0cA0nI4gLlnmcvauj0wXQX3CTfuvA==][DZsWrhai16BVbaRg5vbSAy6bekWb2CE6+JAdHvr7B1byegwphwdNlOuEgBfY0yR4GzSj1gGNMu0oLhD2UXkv9g==][I2hEzuO++pedqs68Il9nYxtE0J2Tvr9WBM/TdRV07gkNL/PWeNRQaWvuKnw8XYWqA+G+qicCUsCkC59vwPTKRA==][1B7Gb+MtU5R4JIpPNu8LAXCTYC6VWokvw3qr0U/66UBzslZ2DLR1spL93SLmzVf2ENiEs2kd0JdXCxdvnxA6gw==][sqqWNLW419h6a10hBJAC0FgXFlYyFF8NFCxqN9wm2/tsc7E46t2bCCCIz4IcFdYa57r9r9NHRj0t+uh2VNDXtw==][zZLBLpxhrJjILv4+PeTD+ptP5M7tPlJdolrxIjFbjg6s2pH7rubP3iJ+vTAYRHihEcoYE3PSp2yGu+8Rg/r5Ow==][e856ta3D7jIUrS2dPXluJGXB9v1LnAP3FqFUqiwfHXPHDIUttXy4/rpixn5APfwIY2tBsvW7Rm8EMcRQZCcu9g==][FTzn/uJzM4Cmaf+GpLqM6glntVaA1h5HCerO5Fh2ZUSLeL5C/WKEcUF95KGtzQk/HvVpfsCyg2tUlQLqn2GLZQ==][QsF0tcR04P83ynv0hDLjtxA2f5waQ96L2zOsqIdWlEnBi2hhFB8kzOJrjUwT0lgA6gkcUWA+8Weml2WpsZ/A2g==]}
{"logTime": "0403/001749", "correlationVector":"j8hy5fm04DdpyAJSKltLKV.2","action":"EncryptionKeysManager::SetEncryptionKeysWithTimestamps:", "result":"Success", "context":Key timestamps[10]:[2022-03-16T17:15:19Z][2022-06-24T12:43:54Z][2023-01-19T16:54:39Z][2023-07-19T16:13:20Z][2024-01-16T14:52:58Z][2024-07-15T09:10:41Z][2025-01-11T09:21:29Z][2025-07-10T15:10:31Z][2025-07-25T20:56:01Z][2026-01-29T11:52:16Z]}
{"logTime": "0403/001749", "correlationVector":"8v4MuDtOAnesrdcDInPbc5","action":"Initial GetUpdates", "result":"", "context":Reason: NEW_CLIENT. cV=8v4MuDtOAnesrdcDInPbc5}
{"logTime": "0403/001749", "correlationVector":"8v4MuDtOAnesrdcDInPbc5.3","action":"GetUpdates Response", "result":"Success", "context":Received 1 update(s). cV=8v4MuDtOAnesrdcDInPbc5.0;server=akswtt000000006;cloudType=Consumer;environment=Prod_germanywestcentral_prod-s01-010-eur-germanywestcentral;migrationStage=NotStarted}
{"logTime": "0403/001749", "correlationVector":"E+lCtumXqr+blqpv8o/CD2","action":"Initial GetUpdates", "result":"", "context":Reason: NEWLY_SUPPORTED_DATATYPE. cV=E+lCtumXqr+blqpv8o/CD2}
{"logTime": "0403/001749", "correlationVector":"E+lCtumXqr+blqpv8o/CD2.1","action":"SyncServerConnectionManagerRequest", "result":"SYNC_SERVER_OK", "context":{"environment":"Prod_germanywestcentral_prod-s01-010-eur-germanywestcentral", "migrationStage":"NotStarted", "server":"akswtt00000000f"}}
{"logTime": "0403/001749", "correlationVector":"E+lCtumXqr+blqpv8o/CD2.2","action":"ProcessGetUpdates", "result":"Done", "context":{"dataType":"Preferences", "deleted":"0", "process_failed_to_decrypt":"0", "process_pending_decryption":"0", "process_success":"72", "total":"72"}}
{"logTime": "0403/001749", "correlationVector":"E+lCtumXqr+blqpv8o/CD2.3","action":"ProcessGetUpdates", "result":"Done", "context":{"dataType":"Passwords", "deleted":"0", "process_failed_to_decrypt":"0", "process_pending_decryption":"0", "process_success":"165", "total":"165"}}
{"logTime": "0403/001749", "correlationVector":"E+lCtumXqr+blqpv8o/CD2.4","action":"ProcessGetUpdates", "result":"Done", "context":{"dataType":"Device Info", "deleted":"0", "process_failed_to_decrypt":"0", "process_pending_decryption":"0", "process_success":"13", "total":"13"}}
{"logTime": "0403/001749", "correlationVector":"E+lCtumXqr+blqpv8o/CD2.5","action":"GetUpdates Response", "result":"Success", "context":Received 250 update(s). cV=E+lCtumXqr+blqpv8o/CD2.0;server=akswtt00000000f;cloudType=Consumer;environment=Prod_germanywestcentral_prod-s01-010-eur-germanywestcentral;migrationStage=NotStarted Some updates remain.}
{"logTime": "0403/001749", "correlationVector":"9KQSTme1jU1Kju8R71YgMP","action":"Initial GetUpdates", "result":"", "context":Reason: NEWLY_SUPPORTED_DATATYPE. cV=9KQSTme1jU1Kju8R71YgMP}
{"logTime": "0403/001750", "correlationVector":"9KQSTme1jU1Kju8R71YgMP.1","action":"SyncServerConnectionManagerRequest", "result":"SYNC_SERVER_OK", "context":{"environment":"Prod_germanywestcentral_prod-s01-010-eur-germanywestcentral", "migrationStage":"NotStarted", "server":"akswtt000000006"}}
{"logTime": "0403/001750", "correlationVector":"9KQSTme1jU1Kju8R71YgMP.2","action":"ProcessGetUpdates", "result":"Done", "context":{"dataType":"Preferences", "deleted":"1", "process_failed_to_decrypt":"0", "process_pending_decryption":"0", "process_success":"9", "total":"9"}}
{"logTime": "0403/001750", "correlationVector":"9KQSTme1jU1Kju8R71YgMP.3","action":"ProcessGetUpdates", "result":"Done", "context":{"dataType":"Passwords", "deleted":"0", "process_failed_to_decrypt":"0", "process_pending_decryption":"0", "process_success":"240", "total":"240"}}
{"logTime": "0403/001750", "correlationVector":"9KQSTme1jU1Kju8R71YgMP.4","action":"ProcessGetUpdates", "result":"Done", "context":{"dataType":"Device Info", "deleted":"0", "process_failed_to_decrypt":"0", "process_pending_decryption":"0", "process_success":"1", "total":"1"}}
{"logTime": "0403/001750", "correlationVector":"9KQSTme1jU1Kju8R71YgMP.5","action":"GetUpdates Response", "result":"Success", "context":Received 250 update(s). cV=9KQSTme1jU1Kju8R71YgMP.0;server=akswtt000000006;cloudType=Consumer;environment=Prod_germanywestcentral_prod-s01-010-eur-germanywestcentral;migrationStage=NotStarted Some updates remain.}
{"logTime": "0403/001750", "correlationVector":"Kr1/XOb9HpfpiSp+Nw7R51","action":"Initial GetUpdates", "result":"", "context":Reason: NEWLY_SUPPORTED_DATATYPE. cV=Kr1/XOb9HpfpiSp+Nw7R51}
{"logTime": "0403/001750", "correlationVector":"Kr1/XOb9HpfpiSp+Nw7R51.1","action":"SyncServerConnectionManagerRequest", "result":"SYNC_SERVER_OK", "context":{"environment":"Prod_germanywestcentral_prod-s01-010-eur-germanywestcentral", "migrationStage":"NotStarted", "server":"akswtt000000005"}}
{"logTime": "0403/001750", "correlationVector":"Kr1/XOb9HpfpiSp+Nw7R51.2","action":"ProcessGetUpdates", "result":"Done", "context":{"dataType":"Passwords", "deleted":"0", "process_failed_to_decrypt":"0", "process_pending_decryption":"0", "process_success":"248", "total":"248"}}
{"logTime": "0403/001750", "correlationVector":"Kr1/XOb9HpfpiSp+Nw7R51.3","action":"ProcessGetUpdates", "result":"Done", "context":{"dataType":"Device Info", "deleted":"0", "process_failed_to_decrypt":"0", "process_pending_decryption":"0", "process_success":"2", "total":"2"}}
{"logTime": "0403/001750", "correlationVector":"Kr1/XOb9HpfpiSp+Nw7R51.4","action":"GetUpdates Response", "result":"Success", "context":Received 250 update(s). cV=Kr1/XOb9HpfpiSp+Nw7R51.0;server=akswtt000000005;cloudType=Consumer;environment=Prod_germanywestcentral_prod-s01-010-eur-germanywestcentral;migrationStage=NotStarted Some updates remain.}
{"logTime": "0403/001750", "correlationVector":"s5O13cRmQcAFbozei27gU+","action":"Initial GetUpdates", "result":"", "context":Reason: NEWLY_SUPPORTED_DATATYPE. cV=s5O13cRmQcAFbozei27gU+}
{"logTime": "0403/001751", "correlationVector":"s5O13cRmQcAFbozei27gU+.1","action":"SyncServerConnectionManagerRequest", "result":"SYNC_SERVER_OK", "context":{"environment":"Prod_germanywestcentral_prod-s01-010-eur-germanywestcentral", "migrationStage":"NotStarted", "server":"akswtt000000005"}}
{"logTime": "0403/001751", "correlationVector":"s5O13cRmQcAFbozei27gU+.2","action":"ProcessGetUpdates", "result":"Done", "context":{"dataType":"Passwords", "deleted":"0", "process_failed_to_decrypt":"0", "process_pending_decryption":"0", "process_success":"249", "total":"249"}}
{"logTime": "0403/001751", "correlationVector":"s5O13cRmQcAFbozei27gU+.3","action":"ProcessGetUpdates", "result":"Done", "context":{"dataType":"Device Info", "deleted":"0", "process_failed_to_decrypt":"0", "process_pending_decryption":"0", "process_success":"1", "total":"1"}}
{"logTime": "0403/001751", "correlationVector":"s5O13cRmQcAFbozei27gU+.4","action":"GetUpdates Response", "result":"Success", "context":Received 250 update(s). cV=s5O13cRmQcAFbozei27gU+.0;server=akswtt000000005;cloudType=Consumer;environment=Prod_germanywestcentral_prod-s01-010-eur-germanywestcentral;migrationStage=NotStarted Some updates remain.}
{"logTime": "0403/001751", "correlationVector":"LOiAUG4U596DPCbEvJ5F6C","action":"Initial GetUpdates", "result":"", "context":Reason: NEWLY_SUPPORTED_DATATYPE. cV=LOiAUG4U596DPCbEvJ5F6C}
{"logTime": "0403/001751", "correlationVector":"LOiAUG4U596DPCbEvJ5F6C.1","action":"SyncServerConnectionManagerRequest", "result":"SYNC_SERVER_OK", "context":{"environment":"Prod_germanywestcentral_prod-s01-010-eur-germanywestcentral", "migrationStage":"NotStarted", "server":"akswtt000000005"}}
{"logTime": "0403/001751", "correlationVector":"LOiAUG4U596DPCbEvJ5F6C.2","action":"ProcessGetUpdates", "result":"Done", "context":{"dataType":"Preferences", "deleted":"0", "process_failed_to_decrypt":"0", "process_pending_decryption":"0", "process_success":"4", "total":"4"}}
{"logTime": "0403/001751", "correlationVector":"LOiAUG4U596DPCbEvJ5F6C.3","action":"ProcessGetUpdates", "result":"Done", "context":{"dataType":"Passwords", "deleted":"0", "process_failed_to_decrypt":"0", "process_pending_decryption":"0", "process_success":"115", "total":"115"}}
{"logTime": "0403/001751", "correlationVector":"LOiAUG4U596DPCbEvJ5F6C.4","action":"ProcessGetUpdates", "result":"Done", "context":{"dataType":"Device Info", "deleted":"0", "process_failed_to_decrypt":"0", "process_pending_decryption":"0", "process_success":"1", "total":"1"}}
{"logTime": "0403/001751", "correlationVector":"LOiAUG4U596DPCbEvJ5F6C.5","action":"GetUpdates Response", "result":"Success", "context":Received 120 update(s). cV=LOiAUG4U596DPCbEvJ5F6C.0;server=akswtt000000005;cloudType=Consumer;environment=Prod_germanywestcentral_prod-s01-010-eur-germanywestcentral;migrationStage=NotStarted}
{"logTime": "0403/001751", "correlationVector":"4UfVBEraysSYiQFq4V6Wxo","action":"Initial GetUpdates", "result":"", "context":Reason: NEWLY_SUPPORTED_DATATYPE. cV=4UfVBEraysSYiQFq4V6Wxo}
{"logTime": "0403/001752", "correlationVector":"4UfVBEraysSYiQFq4V6Wxo.1","action":"SyncServerConnectionManagerRequest", "result":"SYNC_SERVER_OK", "context":{"environment":"Prod_germanywestcentral_prod-s01-010-eur-germanywestcentral", "migrationStage":"NotStarted", "server":"akswtt000000005"}}
{"logTime": "0403/001752", "correlationVector":"4UfVBEraysSYiQFq4V6Wxo.2","action":"ProcessGetUpdates", "result":"Done", "context":{"dataType":"Bookmarks", "deleted":"0", "process_failed_to_decrypt":"0", "process_pending_decryption":"0", "process_success":"250", "total":"250"}}
{"logTime": "0403/001752", "correlationVector":"4UfVBEraysSYiQFq4V6Wxo.3","action":"GetUpdates Response", "result":"Success", "context":Received 250 update(s). cV=4UfVBEraysSYiQFq4V6Wxo.0;server=akswtt000000005;cloudType=Consumer;environment=Prod_germanywestcentral_prod-s01-010-eur-germanywestcentral;migrationStage=NotStarted Some updates remain.}
{"logTime": "0403/001752", "correlationVector":"g2Bqvl+OT4miRimwQoDeqJ","action":"Initial GetUpdates", "result":"", "context":Reason: NEWLY_SUPPORTED_DATATYPE. cV=g2Bqvl+OT4miRimwQoDeqJ}
{"logTime": "0403/001752", "correlationVector":"g2Bqvl+OT4miRimwQoDeqJ.1","action":"SyncServerConnectionManagerRequest", "result":"SYNC_SERVER_OK", "context":{"environment":"Prod_germanywestcentral_prod-s01-010-eur-germanywestcentral", "migrationStage":"NotStarted", "server":"akswtt00000000e"}}
{"logTime": "0403/001752", "correlationVector":"g2Bqvl+OT4miRimwQoDeqJ.2","action":"ProcessGetUpdates", "result":"Done", "context":{"dataType":"Bookmarks", "deleted":"0", "process_failed_to_decrypt":"0", "process_pending_decryption":"0", "process_success":"40", "total":"40"}}
{"logTime": "0403/001752", "correlationVector":"g2Bqvl+OT4miRimwQoDeqJ.3","action":"GetUpdates Response", "result":"Success", "context":Received 40 update(s). cV=g2Bqvl+OT4miRimwQoDeqJ.0;server=akswtt00000000e;cloudType=Consumer;environment=Prod_germanywestcentral_prod-s01-010-eur-germanywestcentral;migrationStage=NotStarted}
{"logTime": "0403/001752", "correlationVector":"1vSSj1dMd0ao8csZIWPmDL","action":"Initial GetUpdates", "result":"", "context":Reason: NEWLY_SUPPORTED_DATATYPE. cV=1vSSj1dMd0ao8csZIWPmDL}
